Warning[205] /Users/mreiter/Desktop/AER201/botL.X/i2c_common.asm 4 : Found directive in column 1. (errorlevel)
Warning[205] /Users/mreiter/Desktop/AER201/botL.X/i2c_common.asm 5 : Found directive in column 1. (errorlevel)
Warning[205] /Users/mreiter/Desktop/AER201/botL.X/i2c_common.asm 9 : Found directive in column 1. (variable)
Warning[205] /Users/mreiter/Desktop/AER201/botL.X/i2c_common.asm 11 : Found directive in column 1. (udata)
Warning[205] /Users/mreiter/Desktop/AER201/botL.X/i2c_common.asm 19 : Found directive in column 1. (global)
Warning[205] /Users/mreiter/Desktop/AER201/botL.X/i2c_common.asm 20 : Found directive in column 1. (global)
Warning[205] /Users/mreiter/Desktop/AER201/botL.X/i2c_common.asm 35 : Found directive in column 1. (endm)
Warning[205] /Users/mreiter/Desktop/AER201/botL.X/i2c_common.asm 48 : Found directive in column 1. (endm)
Warning[205] /Users/mreiter/Desktop/AER201/botL.X/i2c_common.asm 58 : Found directive in column 1. (endm)
Warning[205] /Users/mreiter/Desktop/AER201/botL.X/i2c_common.asm 71 : Found directive in column 1. (endm)
Warning[205] /Users/mreiter/Desktop/AER201/botL.X/i2c_common.asm 81 : Found directive in column 1. (endm)
Warning[205] /Users/mreiter/Desktop/AER201/botL.X/i2c_common.asm 95 : Found directive in column 1. (endm)
Warning[205] /Users/mreiter/Desktop/AER201/botL.X/i2c_common.asm 113 : Found directive in column 1. (endm)
Warning[205] /Users/mreiter/Desktop/AER201/botL.X/i2c_common.asm 125 : Found directive in column 1. (endm)
Warning[205] /Users/mreiter/Desktop/AER201/botL.X/i2c_common.asm 128 : Found directive in column 1. (code)
Warning[203] /Users/mreiter/Desktop/AER201/botL.X/i2c_common.asm 135 : Found opcode in column 1. (movlw)
Warning[203] /Users/mreiter/Desktop/AER201/botL.X/i2c_common.asm 136 : Found opcode in column 1. (movwf)
Warning[203] /Users/mreiter/Desktop/AER201/botL.X/i2c_common.asm 138 : Found opcode in column 1. (movlw)
Warning[203] /Users/mreiter/Desktop/AER201/botL.X/i2c_common.asm 139 : Found opcode in column 1. (movwf)
Warning[203] /Users/mreiter/Desktop/AER201/botL.X/i2c_common.asm 141 : Found opcode in column 1. (movlw)
Warning[203] /Users/mreiter/Desktop/AER201/botL.X/i2c_common.asm 142 : Found opcode in column 1. (movwf)
Warning[203] /Users/mreiter/Desktop/AER201/botL.X/i2c_common.asm 144 : Found opcode in column 1. (bsf)
Warning[203] /Users/mreiter/Desktop/AER201/botL.X/i2c_common.asm 147 : Found opcode in column 1. (bcf)
Warning[203] /Users/mreiter/Desktop/AER201/botL.X/i2c_common.asm 148 : Found opcode in column 1. (bcf)
Warning[203] /Users/mreiter/Desktop/AER201/botL.X/i2c_common.asm 149 : Found opcode in column 1. (bcf)
Warning[206] /Users/mreiter/Desktop/AER201/botL.X/i2c_common.asm 150 : Found call to macro in column 1. (i2c_common_stop)
Warning[203] /Users/mreiter/Desktop/AER201/botL.X/i2c_common.asm 54 : Found opcode in column 1. (bsf)
Warning[203] /Users/mreiter/Desktop/AER201/botL.X/i2c_common.asm 55 : Found opcode in column 1. (btfsc)
Warning[203] /Users/mreiter/Desktop/AER201/botL.X/i2c_common.asm 56 : Found opcode in column 1. (bra)
Warning[203] /Users/mreiter/Desktop/AER201/botL.X/i2c_common.asm 57 : Found opcode in column 1. (bcf)
Warning[203] /Users/mreiter/Desktop/AER201/botL.X/i2c_common.asm 151 : Found opcode in column 1. (return)
Warning[206] /Users/mreiter/Desktop/AER201/botL.X/i2c_common.asm 161 : Found call to macro in column 1. (i2c_common_start)
Warning[203] /Users/mreiter/Desktop/AER201/botL.X/i2c_common.asm 41 : Found opcode in column 1. (bsf)
Warning[203] /Users/mreiter/Desktop/AER201/botL.X/i2c_common.asm 42 : Found opcode in column 1. (btfss)
Warning[203] /Users/mreiter/Desktop/AER201/botL.X/i2c_common.asm 43 : Found opcode in column 1. (bsf)
Warning[203] /Users/mreiter/Desktop/AER201/botL.X/i2c_common.asm 44 : Found opcode in column 1. (btfss)
Warning[203] /Users/mreiter/Desktop/AER201/botL.X/i2c_common.asm 45 : Found opcode in column 1. (bra)
Warning[203] /Users/mreiter/Desktop/AER201/botL.X/i2c_common.asm 46 : Found opcode in column 1. (bcf)
Warning[203] /Users/mreiter/Desktop/AER201/botL.X/i2c_common.asm 163 : Found opcode in column 1. (movlw)
Warning[206] /Users/mreiter/Desktop/AER201/botL.X/i2c_common.asm 164 : Found call to macro in column 1. (i2c_common_write)
Warning[203] /Users/mreiter/Desktop/AER201/botL.X/i2c_common.asm 104 : Found opcode in column 1. (btfsc)
Warning[203] /Users/mreiter/Desktop/AER201/botL.X/i2c_common.asm 105 : Found opcode in column 1. (bra)
Warning[203] /Users/mreiter/Desktop/AER201/botL.X/i2c_common.asm 107 : Found opcode in column 1. (movwf)
Warning[203] /Users/mreiter/Desktop/AER201/botL.X/i2c_common.asm 109 : Found opcode in column 1. (btfss)
Warning[203] /Users/mreiter/Desktop/AER201/botL.X/i2c_common.asm 110 : Found opcode in column 1. (bra)
Warning[203] /Users/mreiter/Desktop/AER201/botL.X/i2c_common.asm 111 : Found opcode in column 1. (bcf)
Warning[206] /Users/mreiter/Desktop/AER201/botL.X/i2c_common.asm 165 : Found call to macro in column 1. (i2c_common_check_ack)
Warning[203] /Users/mreiter/Desktop/AER201/botL.X/i2c_common.asm 33 : Found opcode in column 1. (btfsc)
Warning[203] /Users/mreiter/Desktop/AER201/botL.X/i2c_common.asm 34 : Found opcode in column 1. (goto)
Warning[203] /Users/mreiter/Desktop/AER201/botL.X/i2c_common.asm 168 : Found opcode in column 1. (movf)
Warning[206] /Users/mreiter/Desktop/AER201/botL.X/i2c_common.asm 169 : Found call to macro in column 1. (i2c_common_write)
Warning[203] /Users/mreiter/Desktop/AER201/botL.X/i2c_common.asm 104 : Found opcode in column 1. (btfsc)
Warning[203] /Users/mreiter/Desktop/AER201/botL.X/i2c_common.asm 105 : Found opcode in column 1. (bra)
Warning[203] /Users/mreiter/Desktop/AER201/botL.X/i2c_common.asm 107 : Found opcode in column 1. (movwf)
Warning[203] /Users/mreiter/Desktop/AER201/botL.X/i2c_common.asm 109 : Found opcode in column 1. (btfss)
Warning[203] /Users/mreiter/Desktop/AER201/botL.X/i2c_common.asm 110 : Found opcode in column 1. (bra)
Warning[203] /Users/mreiter/Desktop/AER201/botL.X/i2c_common.asm 111 : Found opcode in column 1. (bcf)
Warning[206] /Users/mreiter/Desktop/AER201/botL.X/i2c_common.asm 170 : Found call to macro in column 1. (i2c_common_check_ack)
Warning[203] /Users/mreiter/Desktop/AER201/botL.X/i2c_common.asm 33 : Found opcode in column 1. (btfsc)
Warning[203] /Users/mreiter/Desktop/AER201/botL.X/i2c_common.asm 34 : Found opcode in column 1. (goto)
Warning[203] /Users/mreiter/Desktop/AER201/botL.X/i2c_common.asm 173 : Found opcode in column 1. (movf)
Warning[206] /Users/mreiter/Desktop/AER201/botL.X/i2c_common.asm 174 : Found call to macro in column 1. (i2c_common_write)
Warning[203] /Users/mreiter/Desktop/AER201/botL.X/i2c_common.asm 104 : Found opcode in column 1. (btfsc)
Warning[203] /Users/mreiter/Desktop/AER201/botL.X/i2c_common.asm 105 : Found opcode in column 1. (bra)
Warning[203] /Users/mreiter/Desktop/AER201/botL.X/i2c_common.asm 107 : Found opcode in column 1. (movwf)
Warning[203] /Users/mreiter/Desktop/AER201/botL.X/i2c_common.asm 109 : Found opcode in column 1. (btfss)
Warning[203] /Users/mreiter/Desktop/AER201/botL.X/i2c_common.asm 110 : Found opcode in column 1. (bra)
Warning[203] /Users/mreiter/Desktop/AER201/botL.X/i2c_common.asm 111 : Found opcode in column 1. (bcf)
Warning[206] /Users/mreiter/Desktop/AER201/botL.X/i2c_common.asm 175 : Found call to macro in column 1. (i2c_common_check_ack)
Warning[203] /Users/mreiter/Desktop/AER201/botL.X/i2c_common.asm 33 : Found opcode in column 1. (btfsc)
Warning[203] /Users/mreiter/Desktop/AER201/botL.X/i2c_common.asm 34 : Found opcode in column 1. (goto)
Warning[203] /Users/mreiter/Desktop/AER201/botL.X/i2c_common.asm 177 : Found opcode in column 1. (goto)
Warning[203] /Users/mreiter/Desktop/AER201/botL.X/i2c_common.asm 180 : Found opcode in column 1. (nop)
Warning[203] /Users/mreiter/Desktop/AER201/botL.X/i2c_common.asm 181 : Found opcode in column 1. (movlw)
Warning[203] /Users/mreiter/Desktop/AER201/botL.X/i2c_common.asm 182 : Found opcode in column 1. (movwf)
Warning[203] /Users/mreiter/Desktop/AER201/botL.X/i2c_common.asm 184 : Found opcode in column 1. (goto)
Warning[203] /Users/mreiter/Desktop/AER201/botL.X/i2c_common.asm 186 : Found opcode in column 1. (nop)
Warning[203] /Users/mreiter/Desktop/AER201/botL.X/i2c_common.asm 187 : Found opcode in column 1. (movlw)
Warning[203] /Users/mreiter/Desktop/AER201/botL.X/i2c_common.asm 188 : Found opcode in column 1. (movwf)
Warning[203] /Users/mreiter/Desktop/AER201/botL.X/i2c_common.asm 189 : Found opcode in column 1. (bsf)
Warning[203] /Users/mreiter/Desktop/AER201/botL.X/i2c_common.asm 190 : Found opcode in column 1. (goto)
Warning[203] /Users/mreiter/Desktop/AER201/botL.X/i2c_common.asm 192 : Found opcode in column 1. (nop)
Warning[203] /Users/mreiter/Desktop/AER201/botL.X/i2c_common.asm 193 : Found opcode in column 1. (movlw)
Warning[203] /Users/mreiter/Desktop/AER201/botL.X/i2c_common.asm 194 : Found opcode in column 1. (movwf)
Warning[203] /Users/mreiter/Desktop/AER201/botL.X/i2c_common.asm 195 : Found opcode in column 1. (goto)
Warning[206] /Users/mreiter/Desktop/AER201/botL.X/i2c_common.asm 197 : Found call to macro in column 1. (i2c_common_stop)
Warning[203] /Users/mreiter/Desktop/AER201/botL.X/i2c_common.asm 54 : Found opcode in column 1. (bsf)
Warning[203] /Users/mreiter/Desktop/AER201/botL.X/i2c_common.asm 55 : Found opcode in column 1. (btfsc)
Warning[203] /Users/mreiter/Desktop/AER201/botL.X/i2c_common.asm 56 : Found opcode in column 1. (bra)
Warning[203] /Users/mreiter/Desktop/AER201/botL.X/i2c_common.asm 57 : Found opcode in column 1. (bcf)
Warning[203] /Users/mreiter/Desktop/AER201/botL.X/i2c_common.asm 198 : Found opcode in column 1. (return)
Warning[206] /Users/mreiter/Desktop/AER201/botL.X/i2c_common.asm 209 : Found call to macro in column 1. (i2c_common_start)
Warning[203] /Users/mreiter/Desktop/AER201/botL.X/i2c_common.asm 41 : Found opcode in column 1. (bsf)
Warning[203] /Users/mreiter/Desktop/AER201/botL.X/i2c_common.asm 42 : Found opcode in column 1. (btfss)
Warning[203] /Users/mreiter/Desktop/AER201/botL.X/i2c_common.asm 43 : Found opcode in column 1. (bsf)
Warning[203] /Users/mreiter/Desktop/AER201/botL.X/i2c_common.asm 44 : Found opcode in column 1. (btfss)
Warning[203] /Users/mreiter/Desktop/AER201/botL.X/i2c_common.asm 45 : Found opcode in column 1. (bra)
Warning[203] /Users/mreiter/Desktop/AER201/botL.X/i2c_common.asm 46 : Found opcode in column 1. (bcf)
Warning[203] /Users/mreiter/Desktop/AER201/botL.X/i2c_common.asm 211 : Found opcode in column 1. (movlw)
Warning[206] /Users/mreiter/Desktop/AER201/botL.X/i2c_common.asm 212 : Found call to macro in column 1. (i2c_common_write)
Warning[203] /Users/mreiter/Desktop/AER201/botL.X/i2c_common.asm 104 : Found opcode in column 1. (btfsc)
Warning[203] /Users/mreiter/Desktop/AER201/botL.X/i2c_common.asm 105 : Found opcode in column 1. (bra)
Warning[203] /Users/mreiter/Desktop/AER201/botL.X/i2c_common.asm 107 : Found opcode in column 1. (movwf)
Warning[203] /Users/mreiter/Desktop/AER201/botL.X/i2c_common.asm 109 : Found opcode in column 1. (btfss)
Warning[203] /Users/mreiter/Desktop/AER201/botL.X/i2c_common.asm 110 : Found opcode in column 1. (bra)
Warning[203] /Users/mreiter/Desktop/AER201/botL.X/i2c_common.asm 111 : Found opcode in column 1. (bcf)
Warning[206] /Users/mreiter/Desktop/AER201/botL.X/i2c_common.asm 213 : Found call to macro in column 1. (i2c_common_check_ack)
Warning[203] /Users/mreiter/Desktop/AER201/botL.X/i2c_common.asm 33 : Found opcode in column 1. (btfsc)
Warning[203] /Users/mreiter/Desktop/AER201/botL.X/i2c_common.asm 34 : Found opcode in column 1. (goto)
Warning[203] /Users/mreiter/Desktop/AER201/botL.X/i2c_common.asm 216 : Found opcode in column 1. (movf)
Warning[206] /Users/mreiter/Desktop/AER201/botL.X/i2c_common.asm 217 : Found call to macro in column 1. (i2c_common_write)
Warning[203] /Users/mreiter/Desktop/AER201/botL.X/i2c_common.asm 104 : Found opcode in column 1. (btfsc)
Warning[203] /Users/mreiter/Desktop/AER201/botL.X/i2c_common.asm 105 : Found opcode in column 1. (bra)
Warning[203] /Users/mreiter/Desktop/AER201/botL.X/i2c_common.asm 107 : Found opcode in column 1. (movwf)
Warning[203] /Users/mreiter/Desktop/AER201/botL.X/i2c_common.asm 109 : Found opcode in column 1. (btfss)
Warning[203] /Users/mreiter/Desktop/AER201/botL.X/i2c_common.asm 110 : Found opcode in column 1. (bra)
Warning[203] /Users/mreiter/Desktop/AER201/botL.X/i2c_common.asm 111 : Found opcode in column 1. (bcf)
Warning[206] /Users/mreiter/Desktop/AER201/botL.X/i2c_common.asm 218 : Found call to macro in column 1. (i2c_common_check_ack)
Warning[203] /Users/mreiter/Desktop/AER201/botL.X/i2c_common.asm 33 : Found opcode in column 1. (btfsc)
Warning[203] /Users/mreiter/Desktop/AER201/botL.X/i2c_common.asm 34 : Found opcode in column 1. (goto)
Warning[206] /Users/mreiter/Desktop/AER201/botL.X/i2c_common.asm 221 : Found call to macro in column 1. (i2c_common_repeatedstart)
Warning[203] /Users/mreiter/Desktop/AER201/botL.X/i2c_common.asm 65 : Found opcode in column 1. (bsf)
Warning[203] /Users/mreiter/Desktop/AER201/botL.X/i2c_common.asm 66 : Found opcode in column 1. (btfss)
Warning[203] /Users/mreiter/Desktop/AER201/botL.X/i2c_common.asm 67 : Found opcode in column 1. (bra)
Warning[203] /Users/mreiter/Desktop/AER201/botL.X/i2c_common.asm 69 : Found opcode in column 1. (bcf)
Warning[203] /Users/mreiter/Desktop/AER201/botL.X/i2c_common.asm 222 : Found opcode in column 1. (movlw)
Warning[206] /Users/mreiter/Desktop/AER201/botL.X/i2c_common.asm 223 : Found call to macro in column 1. (i2c_common_write)
Warning[203] /Users/mreiter/Desktop/AER201/botL.X/i2c_common.asm 104 : Found opcode in column 1. (btfsc)
Warning[203] /Users/mreiter/Desktop/AER201/botL.X/i2c_common.asm 105 : Found opcode in column 1. (bra)
Warning[203] /Users/mreiter/Desktop/AER201/botL.X/i2c_common.asm 107 : Found opcode in column 1. (movwf)
Warning[203] /Users/mreiter/Desktop/AER201/botL.X/i2c_common.asm 109 : Found opcode in column 1. (btfss)
Warning[203] /Users/mreiter/Desktop/AER201/botL.X/i2c_common.asm 110 : Found opcode in column 1. (bra)
Warning[203] /Users/mreiter/Desktop/AER201/botL.X/i2c_common.asm 111 : Found opcode in column 1. (bcf)
Warning[206] /Users/mreiter/Desktop/AER201/botL.X/i2c_common.asm 224 : Found call to macro in column 1. (i2c_common_check_ack)
Warning[203] /Users/mreiter/Desktop/AER201/botL.X/i2c_common.asm 33 : Found opcode in column 1. (btfsc)
Warning[203] /Users/mreiter/Desktop/AER201/botL.X/i2c_common.asm 34 : Found opcode in column 1. (goto)
Warning[206] /Users/mreiter/Desktop/AER201/botL.X/i2c_common.asm 227 : Found call to macro in column 1. (i2c_common_read)
Warning[203] /Users/mreiter/Desktop/AER201/botL.X/i2c_common.asm 120 : Found opcode in column 1. (bsf)
Warning[203] /Users/mreiter/Desktop/AER201/botL.X/i2c_common.asm 121 : Found opcode in column 1. (btfss)
Warning[203] /Users/mreiter/Desktop/AER201/botL.X/i2c_common.asm 122 : Found opcode in column 1. (bra)
Warning[203] /Users/mreiter/Desktop/AER201/botL.X/i2c_common.asm 123 : Found opcode in column 1. (bcf)
Warning[203] /Users/mreiter/Desktop/AER201/botL.X/i2c_common.asm 124 : Found opcode in column 1. (movf)
Warning[203] /Users/mreiter/Desktop/AER201/botL.X/i2c_common.asm 228 : Found opcode in column 1. (movwf)
Warning[206] /Users/mreiter/Desktop/AER201/botL.X/i2c_common.asm 229 : Found call to macro in column 1. (i2c_common_nack)
Warning[203] /Users/mreiter/Desktop/AER201/botL.X/i2c_common.asm 88 : Found opcode in column 1. (bsf)
Warning[203] /Users/mreiter/Desktop/AER201/botL.X/i2c_common.asm 89 : Found opcode in column 1. (bsf)
Warning[203] /Users/mreiter/Desktop/AER201/botL.X/i2c_common.asm 92 : Found opcode in column 1. (btfsc)
Warning[203] /Users/mreiter/Desktop/AER201/botL.X/i2c_common.asm 93 : Found opcode in column 1. (goto)
Warning[203] /Users/mreiter/Desktop/AER201/botL.X/i2c_common.asm 232 : Found opcode in column 1. (goto)
Warning[203] /Users/mreiter/Desktop/AER201/botL.X/i2c_common.asm 235 : Found opcode in column 1. (nop)
Warning[203] /Users/mreiter/Desktop/AER201/botL.X/i2c_common.asm 236 : Found opcode in column 1. (movlw)
Warning[203] /Users/mreiter/Desktop/AER201/botL.X/i2c_common.asm 237 : Found opcode in column 1. (movwf)
Warning[203] /Users/mreiter/Desktop/AER201/botL.X/i2c_common.asm 238 : Found opcode in column 1. (goto)
Warning[203] /Users/mreiter/Desktop/AER201/botL.X/i2c_common.asm 240 : Found opcode in column 1. (nop)
Warning[203] /Users/mreiter/Desktop/AER201/botL.X/i2c_common.asm 241 : Found opcode in column 1. (movlw)
Warning[203] /Users/mreiter/Desktop/AER201/botL.X/i2c_common.asm 242 : Found opcode in column 1. (movwf)
Warning[203] /Users/mreiter/Desktop/AER201/botL.X/i2c_common.asm 243 : Found opcode in column 1. (goto)
Warning[203] /Users/mreiter/Desktop/AER201/botL.X/i2c_common.asm 245 : Found opcode in column 1. (nop)
Warning[203] /Users/mreiter/Desktop/AER201/botL.X/i2c_common.asm 246 : Found opcode in column 1. (movlw)
Warning[203] /Users/mreiter/Desktop/AER201/botL.X/i2c_common.asm 247 : Found opcode in column 1. (movwf)
Warning[203] /Users/mreiter/Desktop/AER201/botL.X/i2c_common.asm 248 : Found opcode in column 1. (goto)
Warning[206] /Users/mreiter/Desktop/AER201/botL.X/i2c_common.asm 251 : Found call to macro in column 1. (i2c_common_stop)
Warning[203] /Users/mreiter/Desktop/AER201/botL.X/i2c_common.asm 54 : Found opcode in column 1. (bsf)
Warning[203] /Users/mreiter/Desktop/AER201/botL.X/i2c_common.asm 55 : Found opcode in column 1. (btfsc)
Warning[203] /Users/mreiter/Desktop/AER201/botL.X/i2c_common.asm 56 : Found opcode in column 1. (bra)
Warning[203] /Users/mreiter/Desktop/AER201/botL.X/i2c_common.asm 57 : Found opcode in column 1. (bcf)
Warning[203] /Users/mreiter/Desktop/AER201/botL.X/i2c_common.asm 252 : Found opcode in column 1. (return)
Warning[203] /Users/mreiter/Desktop/AER201/botL.X/i2c_common.asm 262 : Found opcode in column 1. (movwf)
Warning[203] /Users/mreiter/Desktop/AER201/botL.X/i2c_common.asm 263 : Found opcode in column 1. (swapf)
Warning[203] /Users/mreiter/Desktop/AER201/botL.X/i2c_common.asm 264 : Found opcode in column 1. (andlw)
Warning[203] /Users/mreiter/Desktop/AER201/botL.X/i2c_common.asm 265 : Found opcode in column 1. (addlw)
Warning[203] /Users/mreiter/Desktop/AER201/botL.X/i2c_common.asm 266 : Found opcode in column 1. (movwf)
Warning[203] /Users/mreiter/Desktop/AER201/botL.X/i2c_common.asm 268 : Found opcode in column 1. (movf)
Warning[203] /Users/mreiter/Desktop/AER201/botL.X/i2c_common.asm 269 : Found opcode in column 1. (andlw)
Warning[203] /Users/mreiter/Desktop/AER201/botL.X/i2c_common.asm 270 : Found opcode in column 1. (addlw)
Warning[203] /Users/mreiter/Desktop/AER201/botL.X/i2c_common.asm 271 : Found opcode in column 1. (movwf)
Warning[203] /Users/mreiter/Desktop/AER201/botL.X/i2c_common.asm 272 : Found opcode in column 1. (return)
Warning[205] /Users/mreiter/Desktop/AER201/botL.X/i2c_common.asm 274 : Found directive in column 1. (end)
