MPASM 5.71  /USERS/MREITER/DESKTOP/AER201/BO   2-25-2017  13:07:24         PAGE  1


LOC  OBJECT CODE     LINE SOURCE TEXT
  VALUE

                      00001 #include <p18f4620.inc>
                      00001         LIST
                      00002 
                      00003 ;==========================================================================
                      00004 ; Build date : Nov 17 2016
                      00005 ;  MPASM PIC18F4620 processor include
                      00006 ; 
                      00007 ;  (c) Copyright 1999-2016 Microchip Technology, All rights reserved
                      00008 ;==========================================================================
                      00009 
                      01440         LIST
                      00002 #include <lcd.inc>
  0000                00001     extern      InitLCD,WrtLCD,ClrLCD,ClkLCD,WR_INS,WR_DATA,LCD_L1,LCD_L2,delay5ms
                      00002 
                      00003 
                      00004 
                      00005 
                      00006 
                      00007 
                      00003 
Warning[205]: Found directive in column 1. (errorlevel)
                      00004 errorlevel -302
Warning[205]: Found directive in column 1. (errorlevel)
                      00005 errorlevel -305
Warning[205]: Found directive in column 1. (errorlevel)
                      00006 errorlevel -205
                      00007 errorlevel -203
                      00008 errorlevel -207
                      00009     
                      00010 ;global labels
                      00011 
  0000                00012 variable _waitknt=0
                      00013 
                      00014 udata
000000                00015 regaddress res 1
000001                00016 databyte res 1
000002                00017 datachar res 1
000003                00018 data_colourL res 1
000004                00019 data_colourH res 1
000005                00020 tens_digit res 1
000006                00021 ones_digit res 1
000007                00022 convert_buffer res 1
                      00023 
  0000                00024 global write_rtc,read_rtc,rtc_convert,i2c_common_setup, READ_COLOUR_I2C, WRITE_COLOUR_I2C, READ_ARDUINO,
                             INIT_ARDUINO
  0000                00025 global regaddress, databyte, datachar, tens_digit, ones_digit, convert_buffer
  0000                00026 global data_colourL, data_colourH
                      00027 
                      00028 i2c_common_check_ack macro err_address ;If bad ACK bit received, goto err_address
                      00029     btfsc   SSPCON2, ACKSTAT
                      00030     goto    err_address
                      00031 endm
                      00032 
MPASM 5.71  /USERS/MREITER/DESKTOP/AER201/BO   2-25-2017  13:07:24         PAGE  2


LOC  OBJECT CODE     LINE SOURCE TEXT
  VALUE

                      00033 i2c_common_start macro 
                      00034     bsf     SSPCON2, SEN
                      00035     btfss   SSPCON1, WCOL       ; NOTE: I CHANGED THIS TO MAKE WORK, IDK Y THO
                      00036     bsf     PIR1, SSPIF
                      00037     btfss   PIR1, SSPIF
                      00038     bra     $-2    
                      00039     bcf     PIR1, SSPIF         ; clear SSPIF interrupt bit
                      00040 endm
                      00041 
                      00042 i2c_common_stop macro
                      00043     bsf     SSPCON2,PEN
                      00044     btfsc   SSPCON2,PEN
                      00045     bra     $-2
                      00046     bcf     PIR1, SSPIF
                      00047 endm
                      00048 
                      00049 i2c_common_repeatedstart macro
                      00050     bsf     SSPCON2,RSEN
                      00051     btfss   PIR1, SSPIF
                      00052     bra     $-2
                      00053 
                      00054     bcf     PIR1, SSPIF ;clear SSPIF interrupt bit
                      00055 endm
                      00056 
                      00057 i2c_common_ack macro
                      00058     bcf     SSPCON2,ACKDT
                      00059     bsf     SSPCON2,ACKEN
                      00060     btfsc   SSPCON2,ACKEN
                      00061     bra     $-2
                      00062 endm
                      00063 
                      00064 i2c_common_nack macro
                      00065     bsf     SSPCON2,ACKDT
                      00066     bsf     SSPCON2,ACKEN
                      00067 
                      00068     _waitl#v(_waitknt)
                      00069     btfsc   SSPCON2,ACKEN
                      00070     goto    _waitl#v(_waitknt)
                      00071     _waitknt    set _waitknt+1
                      00072 endm
                      00073 
                      00074 i2c_common_write macro 
                      00075     btfsc   SSPSTAT, BF
                      00076     bra     $-2
                      00077     movwf   SSPBUF
                      00078     btfss   PIR1, SSPIF
                      00079     bra     $-2
                      00080     bcf     PIR1, SSPIF ;clear SSPIF interrupt bit
                      00081 endm
                      00082 
                      00083 i2c_common_read macro
                      00084     bsf     SSPCON2,RCEN ;Begin receiving byte from
                      00085     btfss   PIR1, SSPIF
MPASM 5.71  /USERS/MREITER/DESKTOP/AER201/BO   2-25-2017  13:07:24         PAGE  3


LOC  OBJECT CODE     LINE SOURCE TEXT
  VALUE

                      00086     bra     $-2
                      00087     bcf     PIR1, SSPIF
                      00088     movff   SSPBUF, WREG
                      00089 endm
                      00090 
                      00091 code
                      00092 
000000                00093 i2c_common_setup
000000 0E00           00094     movlw   b'00000000'
000002 6EC7           00095     movwf   SSPSTAT ;set I2C line leves, clear all flags.
                      00096 
000004 0E28           00097     movlw   b'00101000' ;Config SSP for Master Mode I2C
000006 6EC6           00098     movwf   SSPCON1
                      00099     
000008 0E00           00100     movlw   b'00000000'
00000A 6EC5           00101     movwf   SSPCON2
                      00102     
00000C 0E24           00103     movlw   24 ;100kHz baud rate: 10000000 osc / [4*100000] -1
00000E 6EC8           00104     movwf   SSPADD ;RTC only supports 100kHz
                      00105 
000010 8AC6           00106     bsf     SSPCON1,SSPEN ;Enable SSP module
                      00107 
000012 96A1           00108     bcf     PIR2, SSPIE
000014 969E           00109     bcf     PIR1, SSPIF
000016 90C7           00110     bcf     SSPSTAT, BF
                      00111     i2c_common_stop ;Ensure the bus is free
000018 84C5               M     bsf     SSPCON2,PEN
00001A B4C5               M     btfsc   SSPCON2,PEN
00001C D???               M     bra     $-2
00001E 969E               M     bcf     PIR1, SSPIF
000020 0012           00112 return
                      00113 
000022                00114 write_rtc
                      00115     i2c_common_start
000022 80C5               M     bsf     SSPCON2, SEN
000024 AEC6               M     btfss   SSPCON1, WCOL       ; NOTE: I CHANGED THIS TO MAKE WORK, IDK Y THO
000026 869E               M     bsf     PIR1, SSPIF
000028 A69E               M     btfss   PIR1, SSPIF
00002A D???               M     bra     $-2    
00002C 969E               M     bcf     PIR1, SSPIF         ; clear SSPIF interrupt bit
                      00116 
00002E 0ED0           00117     movlw   0xD0 ;DS1307 address | WRITE bit
                      00118     i2c_common_write
000030 B0C7               M     btfsc   SSPSTAT, BF
000032 D???               M     bra     $-2
000034 6EC9               M     movwf   SSPBUF
000036 A69E               M     btfss   PIR1, SSPIF
000038 D???               M     bra     $-2
00003A 969E               M     bcf     PIR1, SSPIF ;clear SSPIF interrupt bit
                      00119     i2c_common_check_ack WR_ERR1_RTC
00003C BCC5               M     btfsc   SSPCON2, ACKSTAT
00003E EF?? F???          M     goto    WR_ERR1_RTC
                      00120 
MPASM 5.71  /USERS/MREITER/DESKTOP/AER201/BO   2-25-2017  13:07:24         PAGE  4


LOC  OBJECT CODE     LINE SOURCE TEXT
  VALUE

                      00121     ;Write data to I2C bus (Register Address in RTC)
000042 C??? FFE8      00122     movff   regaddress, WREG ;Set register pointer in RTC
                      00123     i2c_common_write ;
000046 B0C7               M     btfsc   SSPSTAT, BF
000048 D???               M     bra     $-2
00004A 6EC9               M     movwf   SSPBUF
00004C A69E               M     btfss   PIR1, SSPIF
00004E D???               M     bra     $-2
000050 969E               M     bcf     PIR1, SSPIF ;clear SSPIF interrupt bit
                      00124     i2c_common_check_ack WR_ERR2_RTC
000052 BCC5               M     btfsc   SSPCON2, ACKSTAT
000054 EF?? F???          M     goto    WR_ERR2_RTC
                      00125 
                      00126     ;Write data to I2C bus (Data to be placed in RTC register)
000058 C??? FFE8      00127     movff   databyte, WREG ;Write data to register in RTC
                      00128     i2c_common_write
00005C B0C7               M     btfsc   SSPSTAT, BF
00005E D???               M     bra     $-2
000060 6EC9               M     movwf   SSPBUF
000062 A69E               M     btfss   PIR1, SSPIF
000064 D???               M     bra     $-2
000066 969E               M     bcf     PIR1, SSPIF ;clear SSPIF interrupt bit
                      00129     i2c_common_check_ack WR_ERR3_RTC
000068 BCC5               M     btfsc   SSPCON2, ACKSTAT
00006A EF?? F???          M     goto    WR_ERR3_RTC
                      00130 
00006E EF?? F???      00131     goto    WR_END_RTC
                      00132 
000072                00133     WR_ERR1_RTC
000072 0000           00134         nop
000074 0E0D           00135         movlw   b'00001101'
000076 6E89           00136         movwf   LATA    
000078 EF?? F???      00137         goto    WR_END
                      00138     
00007C                00139     WR_ERR2_RTC
00007C 0000           00140         nop
00007E 0E0F           00141         movlw   b'00001111'
000080 6E89           00142         movwf   LATA
000082 808D           00143         bsf     LATE,0
000084 EF?? F???      00144         goto    WR_END
                      00145         
000088                00146     WR_ERR3_RTC
000088 0000           00147         nop
00008A 0E09           00148         movlw   b'00001001'
00008C 6E89           00149         movwf   LATA
00008E EF?? F???      00150         goto    WR_END
000092                00151     WR_END_RTC
                      00152         i2c_common_stop ;Release the I2C bus
000092 84C5               M     bsf     SSPCON2,PEN
000094 B4C5               M     btfsc   SSPCON2,PEN
000096 D???               M     bra     $-2
000098 969E               M     bcf     PIR1, SSPIF
00009A 0012           00153 return
MPASM 5.71  /USERS/MREITER/DESKTOP/AER201/BO   2-25-2017  13:07:24         PAGE  5


LOC  OBJECT CODE     LINE SOURCE TEXT
  VALUE

                      00154 
00009C                00155 read_rtc
                      00156     i2c_common_start
00009C 80C5               M     bsf     SSPCON2, SEN
00009E AEC6               M     btfss   SSPCON1, WCOL       ; NOTE: I CHANGED THIS TO MAKE WORK, IDK Y THO
0000A0 869E               M     bsf     PIR1, SSPIF
0000A2 A69E               M     btfss   PIR1, SSPIF
0000A4 D???               M     bra     $-2    
0000A6 969E               M     bcf     PIR1, SSPIF         ; clear SSPIF interrupt bit
                      00157 
0000A8 0ED0           00158     movlw   0xD0 ;DS1307 address | WRITE bit
                      00159     i2c_common_write ;
0000AA B0C7               M     btfsc   SSPSTAT, BF
0000AC D???               M     bra     $-2
0000AE 6EC9               M     movwf   SSPBUF
0000B0 A69E               M     btfss   PIR1, SSPIF
0000B2 D???               M     bra     $-2
0000B4 969E               M     bcf     PIR1, SSPIF ;clear SSPIF interrupt bit
                      00160     i2c_common_check_ack RD_ERR1_RTC
0000B6 BCC5               M     btfsc   SSPCON2, ACKSTAT
0000B8 EF?? F???          M     goto    RD_ERR1_RTC
                      00161     
                      00162     ;Write data to I2C bus (Register Address in RTC)
0000BC C??? FFE8      00163     movff   regaddress, WREG    ; Set register pointer in RTC
                      00164     i2c_common_write
0000C0 B0C7               M     btfsc   SSPSTAT, BF
0000C2 D???               M     bra     $-2
0000C4 6EC9               M     movwf   SSPBUF
0000C6 A69E               M     btfss   PIR1, SSPIF
0000C8 D???               M     bra     $-2
0000CA 969E               M     bcf     PIR1, SSPIF ;clear SSPIF interrupt bit
                      00165     i2c_common_check_ack RD_ERR2_RTC
0000CC BCC5               M     btfsc   SSPCON2, ACKSTAT
0000CE EF?? F???          M     goto    RD_ERR2_RTC
                      00166 
                      00167     ;Re-Select the DS1307 on the bus, in READ mode
                      00168     i2c_common_repeatedstart
0000D2 82C5               M     bsf     SSPCON2,RSEN
0000D4 A69E               M     btfss   PIR1, SSPIF
0000D6 D???               M     bra     $-2
                          M 
0000D8 969E               M     bcf     PIR1, SSPIF ;clear SSPIF interrupt bit
0000DA 0ED1           00169     movlw   0xD1                ; DS1307 address | READ bit
                      00170     i2c_common_write
0000DC B0C7               M     btfsc   SSPSTAT, BF
0000DE D???               M     bra     $-2
0000E0 6EC9               M     movwf   SSPBUF
0000E2 A69E               M     btfss   PIR1, SSPIF
0000E4 D???               M     bra     $-2
0000E6 969E               M     bcf     PIR1, SSPIF ;clear SSPIF interrupt bit
                      00171     i2c_common_check_ack RD_ERR3_RTC
0000E8 BCC5               M     btfsc   SSPCON2, ACKSTAT
0000EA EF?? F???          M     goto    RD_ERR3_RTC
MPASM 5.71  /USERS/MREITER/DESKTOP/AER201/BO   2-25-2017  13:07:24         PAGE  6


LOC  OBJECT CODE     LINE SOURCE TEXT
  VALUE

                      00172 
                      00173     ;Read data from I2C bus (Contents of Register in RTC)
                      00174     i2c_common_read
0000EE 86C5               M     bsf     SSPCON2,RCEN ;Begin receiving byte from
0000F0 A69E               M     btfss   PIR1, SSPIF
0000F2 D???               M     bra     $-2
0000F4 969E               M     bcf     PIR1, SSPIF
0000F6 CFC9 FFE8          M     movff   SSPBUF, WREG
0000FA 6E??           00175     movwf   datachar
                      00176     i2c_common_nack ;Send acknowledgement of data reception
0000FC 8AC5               M     bsf     SSPCON2,ACKDT
0000FE 88C5               M     bsf     SSPCON2,ACKEN
                          M 
000100                    M     _waitl0
000100 B8C5               M     btfsc   SSPCON2,ACKEN
000102 EF?? F???          M     goto    _waitl0
  00000001                M     _waitknt    set _waitknt+1
                      00177 
000106 EF?? F???      00178     goto RD_END_RTC
                      00179 
00010A                00180     RD_ERR1_RTC
00010A 0000           00181         nop
00010C 0E03           00182         movlw   b'00000011'
00010E 6E89           00183         movwf   LATA
000110 EF?? F???      00184         goto    RD_END
000114                00185     RD_ERR2_RTC
000114 0000           00186         nop
000116 0E05           00187         movlw   b'00000101'
000118 6E89           00188         movwf   LATA
00011A EF?? F???      00189         goto    RD_END
00011E                00190     RD_ERR3_RTC
00011E 0000           00191         nop
000120 0E07           00192         movlw   b'00000111'
000122 6E89           00193         movwf   LATA
000124 EF?? F???      00194         goto    RD_END
000128                00195     RD_END_RTC
                      00196         i2c_common_stop
000128 84C5               M     bsf     SSPCON2,PEN
00012A B4C5               M     btfsc   SSPCON2,PEN
00012C D???               M     bra     $-2
00012E 969E               M     bcf     PIR1, SSPIF
000130 0012           00197 return
                      00198 
000132                00199 rtc_convert
000132 6E??           00200     movwf   convert_buffer      ; B1 = HHHH LLLL
Warning[202]: Argument out of range.  Least significant bits used.
000134 3800           00201     swapf   convert_buffer, WREG; W = LLLL HHHH
000136 0B0F           00202     andlw   0x0f                ; Mask upper four bits 0000 HHHH
000138 0F30           00203     addlw   0x30                ; convert to ASCII
00013A 6E??           00204     movwf   tens_digit          ; saves into 10ths digit
                      00205 
00013C C??? FFE8      00206     movff   convert_buffer, WREG
000140 0B0F           00207     andlw   0x0f                ; w = 0000 LLLL
MPASM 5.71  /USERS/MREITER/DESKTOP/AER201/BO   2-25-2017  13:07:24         PAGE  7


LOC  OBJECT CODE     LINE SOURCE TEXT
  VALUE

000142 0F30           00208     addlw   0x30                ; convert to ASCII
000144 6E??           00209     movwf   ones_digit          ; saves into 1s digit
000146 0012           00210 return
                      00211     
000148                00212 READ_COLOUR_I2C  
                      00213     i2c_common_start
000148 80C5               M     bsf     SSPCON2, SEN
00014A AEC6               M     btfss   SSPCON1, WCOL       ; NOTE: I CHANGED THIS TO MAKE WORK, IDK Y THO
00014C 869E               M     bsf     PIR1, SSPIF
00014E A69E               M     btfss   PIR1, SSPIF
000150 D???               M     bra     $-2    
000152 969E               M     bcf     PIR1, SSPIF         ; clear SSPIF interrupt bit
                      00214     
000154 0E52           00215     movlw   0x52                ; TCS34725 address 0x29 << 1, WRITE bit (+0)
                      00216     i2c_common_write  
000156 B0C7               M     btfsc   SSPSTAT, BF
000158 D???               M     bra     $-2
00015A 6EC9               M     movwf   SSPBUF
00015C A69E               M     btfss   PIR1, SSPIF
00015E D???               M     bra     $-2
000160 969E               M     bcf     PIR1, SSPIF ;clear SSPIF interrupt bit
                      00217     i2c_common_check_ack RD_ERR1
000162 BCC5               M     btfsc   SSPCON2, ACKSTAT
000164 EF?? F???          M     goto    RD_ERR1
                      00218     
                      00219     ;Write command to I2C bus (Register Address in TCS34725)
000168 C??? FFE8      00220     movff   regaddress, WREG
00016C 0980           00221     iorlw   0x80                ; command bit
                      00222     
                      00223     i2c_common_write
00016E B0C7               M     btfsc   SSPSTAT, BF
000170 D???               M     bra     $-2
000172 6EC9               M     movwf   SSPBUF
000174 A69E               M     btfss   PIR1, SSPIF
000176 D???               M     bra     $-2
000178 969E               M     bcf     PIR1, SSPIF ;clear SSPIF interrupt bit
                      00224     i2c_common_check_ack RD_ERR2
00017A BCC5               M     btfsc   SSPCON2, ACKSTAT
00017C EF?? F???          M     goto    RD_ERR2
                      00225     
                      00226     ;Re-Select the TCS34725 on the bus, in READ mode
                      00227     i2c_common_repeatedstart
000180 82C5               M     bsf     SSPCON2,RSEN
000182 A69E               M     btfss   PIR1, SSPIF
000184 D???               M     bra     $-2
                          M 
000186 969E               M     bcf     PIR1, SSPIF ;clear SSPIF interrupt bit
000188 0E53           00228     movlw   0x53                ; TCS34725 address 0x29 << 1, READ bit (+1)
                      00229     i2c_common_write
00018A B0C7               M     btfsc   SSPSTAT, BF
00018C D???               M     bra     $-2
00018E 6EC9               M     movwf   SSPBUF
000190 A69E               M     btfss   PIR1, SSPIF
MPASM 5.71  /USERS/MREITER/DESKTOP/AER201/BO   2-25-2017  13:07:24         PAGE  8


LOC  OBJECT CODE     LINE SOURCE TEXT
  VALUE

000192 D???               M     bra     $-2
000194 969E               M     bcf     PIR1, SSPIF ;clear SSPIF interrupt bit
                      00230     i2c_common_check_ack RD_ERR3
000196 BCC5               M     btfsc   SSPCON2, ACKSTAT
000198 EF?? F???          M     goto    RD_ERR3
                      00231     
                      00232     ;Read data from I2C bus (Contents of Register in TCS34725)
                      00233     i2c_common_read
00019C 86C5               M     bsf     SSPCON2,RCEN ;Begin receiving byte from
00019E A69E               M     btfss   PIR1, SSPIF
0001A0 D???               M     bra     $-2
0001A2 969E               M     bcf     PIR1, SSPIF
0001A4 CFC9 FFE8          M     movff   SSPBUF, WREG
0001A8 6E??           00234     movwf   databyte
                      00235     i2c_common_nack             ; Send acknowledgement of data reception
0001AA 8AC5               M     bsf     SSPCON2,ACKDT
0001AC 88C5               M     bsf     SSPCON2,ACKEN
                          M 
0001AE                    M     _waitl1
0001AE B8C5               M     btfsc   SSPCON2,ACKEN
0001B0 EF?? F???          M     goto    _waitl1
  00000002                M     _waitknt    set _waitknt+1
                      00236     
0001B4 EF?? F???      00237     goto RD_END
                      00238 
0001B8                00239     RD_ERR1
0001B8 0000           00240         nop
0001BA 0E03           00241         movlw   b'00000011'
0001BC 6E89           00242         movwf   LATA
0001BE EF?? F???      00243         goto    RD_END
0001C2                00244     RD_ERR2
0001C2 0000           00245         nop
0001C4 0E05           00246         movlw   b'00000101'
0001C6 6E89           00247         movwf   LATA
0001C8 EF?? F???      00248         goto    RD_END
0001CC                00249     RD_ERR3
0001CC 0000           00250         nop
0001CE 0E07           00251         movlw   b'00000111'
0001D0 6E89           00252         movwf   LATA
0001D2 EF?? F???      00253         goto    RD_END
0001D6                00254     RD_END
                      00255         i2c_common_stop
0001D6 84C5               M     bsf     SSPCON2,PEN
0001D8 B4C5               M     btfsc   SSPCON2,PEN
0001DA D???               M     bra     $-2
0001DC 969E               M     bcf     PIR1, SSPIF
0001DE 0012           00256 return
                      00257                 
                      00258 I2C_Condition   macro    condition
                      00259     bsf     SSPCON2, condition
                      00260     endm
                      00261     
0001E0                00262 I2C_Master_INIT
MPASM 5.71  /USERS/MREITER/DESKTOP/AER201/BO   2-25-2017  13:07:24         PAGE  9


LOC  OBJECT CODE     LINE SOURCE TEXT
  VALUE

0001E0 6AC7           00263     clrf    SSPSTAT
0001E2 0E28           00264     movlw   b'00101000'
0001E4 6EC6           00265     movwf   SSPCON1
0001E6 6AC5           00266     clrf    SSPCON2
0001E8 0E24           00267     movlw   24              ; 100kHz baud rate: 10000000 osc / [4*100000] -1
0001EA 6EC8           00268     movwf   SSPADD          ; RTC only supports 100kHz
0001EC 8694           00269     bsf     TRISC, 3
0001EE 8894           00270     bsf     TRISC, 4
0001F0 0012           00271     return
                      00272 
0001F2                00273 I2C_Master_WAIT
0001F2                00274 WAIT    
0001F2 B4C7           00275     btfsc   SSPSTAT, 2
0001F4 EF?? F???      00276     goto    WAIT
                      00277    
0001F8 0E1F           00278     movlw   0x1f
0001FA 14C5           00279     andwf   SSPCON2, 0
0001FC 0900           00280     iorlw   0x00
0001FE E1??           00281     bnz     WAIT
000200 0012           00282     return
                      00283         
000202                00284 I2C_Master_START
000202 EC?? F???      00285     call    I2C_Master_WAIT
                      00286     I2C_Condition   SEN
000206 80C5               M     bsf     SSPCON2, SEN
000208 0012           00287     return
                      00288 
00020A                00289 I2C_Master_RSTART
00020A EC?? F???      00290     call    I2C_Master_WAIT
                      00291     I2C_Condition   RSEN
00020E 82C5               M     bsf     SSPCON2, RSEN
000210 0012           00292     return
                      00293     
000212                00294 I2C_Master_STOP
000212 EC?? F???      00295     call    I2C_Master_WAIT
                      00296     
                      00297     I2C_Condition   PEN
000216 84C5               M     bsf     SSPCON2, PEN
000218 0012           00298     return
                      00299     
00021A                00300 I2C_Master_WRITE 
00021A EC?? F???      00301     call    I2C_Master_WAIT
00021E 6EC9           00302     movwf   SSPBUF
000220                00303 HOLD_UP
000220 B4C7           00304     btfsc   SSPSTAT, 2
000222 EF?? F???      00305     goto    HOLD_UP
000226 0012           00306     return   
                      00307     
000228                00308 I2C_Master_READ
000228 86C5           00309     bsf     SSPCON2, RCEN
00022A EC?? F???      00310     call    I2C_Master_WAIT   
00022E                00311 LOOP
00022E B6C5           00312     btfsc   SSPCON2, RCEN
MPASM 5.71  /USERS/MREITER/DESKTOP/AER201/BO   2-25-2017  13:07:24         PAGE 10


LOC  OBJECT CODE     LINE SOURCE TEXT
  VALUE

000230 D???           00313     bra LOOP
000232 CFC9 F000      00314     movff    SSPBUF, W
000236 0012           00315     return
                      00316     
000238                00317 I2C_Master_ACK
000238 9AC5           00318     bcf     SSPCON2,ACKDT
00023A 88C5           00319     bsf     SSPCON2,ACKEN
00023C                00320 TEST_ACK
00023C B8C5           00321     btfsc   SSPCON2,ACKEN
00023E D???           00322     bra     TEST_ACK
000240 0012           00323     return      
                      00324         
000242                00325 WRITE_COLOUR_I2C
                      00326     i2c_common_start
000242 80C5               M     bsf     SSPCON2, SEN
000244 AEC6               M     btfss   SSPCON1, WCOL       ; NOTE: I CHANGED THIS TO MAKE WORK, IDK Y THO
000246 869E               M     bsf     PIR1, SSPIF
000248 A69E               M     btfss   PIR1, SSPIF
00024A D???               M     bra     $-2    
00024C 969E               M     bcf     PIR1, SSPIF         ; clear SSPIF interrupt bit
                      00327 
00024E 0E52           00328     movlw   0x52                ; TCS34725 address | WRITE bit
                      00329     i2c_common_write
000250 B0C7               M     btfsc   SSPSTAT, BF
000252 D???               M     bra     $-2
000254 6EC9               M     movwf   SSPBUF
000256 A69E               M     btfss   PIR1, SSPIF
000258 D???               M     bra     $-2
00025A 969E               M     bcf     PIR1, SSPIF ;clear SSPIF interrupt bit
                      00330     i2c_common_check_ack WR_ERR1
00025C BCC5               M     btfsc   SSPCON2, ACKSTAT
00025E EF?? F???          M     goto    WR_ERR1
                      00331 
                      00332     ;Write data to I2C bus (Register Address in TCS34725)
000262 C??? FFE8      00333     movff   regaddress, WREG
000266 0980           00334     iorlw   0x80                ; command bits
                      00335     i2c_common_write
000268 B0C7               M     btfsc   SSPSTAT, BF
00026A D???               M     bra     $-2
00026C 6EC9               M     movwf   SSPBUF
00026E A69E               M     btfss   PIR1, SSPIF
000270 D???               M     bra     $-2
000272 969E               M     bcf     PIR1, SSPIF ;clear SSPIF interrupt bit
                      00336     i2c_common_check_ack WR_ERR2
000274 BCC5               M     btfsc   SSPCON2, ACKSTAT
000276 EF?? F???          M     goto    WR_ERR2
                      00337 
                      00338     ;Write data to I2C bus (Data to be placed in TCS34725 register)
00027A C??? FFE8      00339     movff   databyte, WREG
00027E 0BFF           00340     andlw   0xff
                      00341     i2c_common_write
000280 B0C7               M     btfsc   SSPSTAT, BF
000282 D???               M     bra     $-2
MPASM 5.71  /USERS/MREITER/DESKTOP/AER201/BO   2-25-2017  13:07:24         PAGE 11


LOC  OBJECT CODE     LINE SOURCE TEXT
  VALUE

000284 6EC9               M     movwf   SSPBUF
000286 A69E               M     btfss   PIR1, SSPIF
000288 D???               M     bra     $-2
00028A 969E               M     bcf     PIR1, SSPIF ;clear SSPIF interrupt bit
                      00342     i2c_common_check_ack WR_ERR3
00028C BCC5               M     btfsc   SSPCON2, ACKSTAT
00028E EF?? F???          M     goto    WR_ERR3
                      00343 
000292 EF?? F???      00344     goto    WR_END
                      00345 
000296                00346     WR_ERR1
000296 0000           00347         nop
000298 0E0D           00348         movlw   b'00001101'
00029A 6E89           00349         movwf   LATA    
00029C EF?? F???      00350         goto    WR_END
                      00351     
0002A0                00352     WR_ERR2
0002A0 0000           00353         nop
0002A2 0E0F           00354         movlw   b'00001111'
0002A4 6E89           00355         movwf   LATA
0002A6 808D           00356         bsf     LATE,0
0002A8 EF?? F???      00357         goto    WR_END
                      00358         
0002AC                00359     WR_ERR3
0002AC 0000           00360         nop
0002AE 0E09           00361         movlw   b'00001001'
0002B0 6E89           00362         movwf   LATA
0002B2 EF?? F???      00363         goto    WR_END
0002B6                00364     WR_END
                      00365         i2c_common_stop         ; Release the I2C bus
0002B6 84C5               M     bsf     SSPCON2,PEN
0002B8 B4C5               M     btfsc   SSPCON2,PEN
0002BA D???               M     bra     $-2
0002BC 969E               M     bcf     PIR1, SSPIF
                      00366         
0002BE 0012           00367 return
                      00368 
0002C0                00369 INIT_ARDUINO
                      00370     i2c_common_start
0002C0 80C5               M     bsf     SSPCON2, SEN
0002C2 AEC6               M     btfss   SSPCON1, WCOL       ; NOTE: I CHANGED THIS TO MAKE WORK, IDK Y THO
0002C4 869E               M     bsf     PIR1, SSPIF
0002C6 A69E               M     btfss   PIR1, SSPIF
0002C8 D???               M     bra     $-2    
0002CA 969E               M     bcf     PIR1, SSPIF         ; clear SSPIF interrupt bit
                      00371     
0002CC 0E10           00372     movlw   0x10                ; Arudino address << 1 + WRITE
                      00373     i2c_common_write
0002CE B0C7               M     btfsc   SSPSTAT, BF
0002D0 D???               M     bra     $-2
0002D2 6EC9               M     movwf   SSPBUF
0002D4 A69E               M     btfss   PIR1, SSPIF
0002D6 D???               M     bra     $-2
MPASM 5.71  /USERS/MREITER/DESKTOP/AER201/BO   2-25-2017  13:07:24         PAGE 12


LOC  OBJECT CODE     LINE SOURCE TEXT
  VALUE

0002D8 969E               M     bcf     PIR1, SSPIF ;clear SSPIF interrupt bit
                      00374     i2c_common_check_ack WR_ERR1
0002DA BCC5               M     btfsc   SSPCON2, ACKSTAT
0002DC EF?? F???          M     goto    WR_ERR1
                      00375 
                      00376     i2c_common_stop
0002E0 84C5               M     bsf     SSPCON2,PEN
0002E2 B4C5               M     btfsc   SSPCON2,PEN
0002E4 D???               M     bra     $-2
0002E6 969E               M     bcf     PIR1, SSPIF
0002E8 0012           00377 return
                      00378         
                      00379         
0002EA                00380 READ_ARDUINO
                      00381     i2c_common_start
0002EA 80C5               M     bsf     SSPCON2, SEN
0002EC AEC6               M     btfss   SSPCON1, WCOL       ; NOTE: I CHANGED THIS TO MAKE WORK, IDK Y THO
0002EE 869E               M     bsf     PIR1, SSPIF
0002F0 A69E               M     btfss   PIR1, SSPIF
0002F2 D???               M     bra     $-2    
0002F4 969E               M     bcf     PIR1, SSPIF         ; clear SSPIF interrupt bit
                      00382     
0002F6 0E11           00383     movlw   0x11                ; Arudino address << 1 + READ
                      00384     i2c_common_write
0002F8 B0C7               M     btfsc   SSPSTAT, BF
0002FA D???               M     bra     $-2
0002FC 6EC9               M     movwf   SSPBUF
0002FE A69E               M     btfss   PIR1, SSPIF
000300 D???               M     bra     $-2
000302 969E               M     bcf     PIR1, SSPIF ;clear SSPIF interrupt bit
                      00385     i2c_common_check_ack WR_ERR1
000304 BCC5               M     btfsc   SSPCON2, ACKSTAT
000306 EF?? F???          M     goto    WR_ERR1
                      00386     
                      00387     i2c_common_read
00030A 86C5               M     bsf     SSPCON2,RCEN ;Begin receiving byte from
00030C A69E               M     btfss   PIR1, SSPIF
00030E D???               M     bra     $-2
000310 969E               M     bcf     PIR1, SSPIF
000312 CFC9 FFE8          M     movff   SSPBUF, WREG
                      00388 ;    movwf   databyte           ; put result into databyte
                      00389     i2c_common_nack
000316 8AC5               M     bsf     SSPCON2,ACKDT
000318 88C5               M     bsf     SSPCON2,ACKEN
                          M 
00031A                    M     _waitl2
00031A B8C5               M     btfsc   SSPCON2,ACKEN
00031C EF?? F???          M     goto    _waitl2
  00000003                M     _waitknt    set _waitknt+1
                      00390     
                      00391     i2c_common_stop
000320 84C5               M     bsf     SSPCON2,PEN
000322 B4C5               M     btfsc   SSPCON2,PEN
MPASM 5.71  /USERS/MREITER/DESKTOP/AER201/BO   2-25-2017  13:07:24         PAGE 13


LOC  OBJECT CODE     LINE SOURCE TEXT
  VALUE

000324 D???               M     bra     $-2
000326 969E               M     bcf     PIR1, SSPIF
                      00392     
000328 0012           00393 return
                      00394 
                      00395     end
MPASM 5.71  /USERS/MREITER/DESKTOP/AER201/BO   2-25-2017  13:07:24         PAGE 14


SYMBOL TABLE
  LABEL                             VALUE 

A                                 00000000
ABDEN                             00000000
ABDOVF                            00000007
ACCESS                            00000000
ACKDT                             00000005
ACKEN                             00000004
ACKSTAT                           00000006
ACQT0                             00000003
ACQT1                             00000004
ACQT2                             00000005
ADCON0                            00000FC2
ADCON1                            00000FC1
ADCON2                            00000FC0
ADCS0                             00000000
ADCS1                             00000001
ADCS2                             00000002
ADDEN                             00000003
ADEN                              00000003
ADFM                              00000007
ADIE                              00000006
ADIF                              00000006
ADIP                              00000006
ADON                              00000000
ADRES                             00000FC3
ADRESH                            00000FC4
ADRESL                            00000FC3
AN10                              00000001
AN11                              00000004
AN12                              00000000
AN4                               00000005
AN5                               00000000
AN6                               00000001
AN7                               00000002
AN8                               00000002
AN9                               00000003
BANKED                            00000001
BAUDCON                           00000FB8
BAUDCTL                           00000FB8
BCLIE                             00000003
BCLIF                             00000003
BCLIP                             00000003
BF                                00000000
BGST                              00000005
BOR                               00000000
BRG16                             00000003
BRGH                              00000002
BSR                               00000FE0
C                                 00000000
C1INV                             00000004
C1OUT                             00000006
C2INV                             00000005
C2OUT                             00000007
CCP1                              00000002
MPASM 5.71  /USERS/MREITER/DESKTOP/AER201/BO   2-25-2017  13:07:24         PAGE 15


SYMBOL TABLE
  LABEL                             VALUE 

CCP1CON                           00000FBD
CCP1IE                            00000002
CCP1IF                            00000002
CCP1IP                            00000002
CCP1M0                            00000000
CCP1M1                            00000001
CCP1M2                            00000002
CCP1M3                            00000003
CCP1X                             00000005
CCP1Y                             00000004
CCP2CON                           00000FBA
CCP2IE                            00000000
CCP2IF                            00000000
CCP2IP                            00000000
CCP2M0                            00000000
CCP2M1                            00000001
CCP2M2                            00000002
CCP2M3                            00000003
CCP2X                             00000005
CCP2Y                             00000004
CCP2_PORTB                        00000003
CCP2_PORTC                        00000001
CCPR1                             00000FBE
CCPR1H                            00000FBF
CCPR1L                            00000FBE
CCPR2                             00000FBB
CCPR2H                            00000FBC
CCPR2L                            00000FBB
CFGS                              00000006
CHS0                              00000002
CHS1                              00000003
CHS2                              00000004
CHS3                              00000005
CIS                               00000003
CK                                00000006
CKE                               00000006
CKP                               00000004
CM0                               00000000
CM1                               00000001
CM2                               00000002
CMCON                             00000FB4
CMIE                              00000006
CMIF                              00000006
CMIP                              00000006
CREN                              00000004
CS                                00000002
CSRC                              00000007
CVR0                              00000000
CVR1                              00000001
CVR2                              00000002
CVR3                              00000003
CVRCON                            00000FB5
CVREN                             00000007
MPASM 5.71  /USERS/MREITER/DESKTOP/AER201/BO   2-25-2017  13:07:24         PAGE 16


SYMBOL TABLE
  LABEL                             VALUE 

CVROE                             00000006
CVRR                              00000005
CVRSS                             00000004
ClkLCD                            00000000
ClrLCD                            00000000
D                                 00000005
DC                                00000001
DC1B0                             00000004
DC1B1                             00000005
DC2B0                             00000004
DC2B1                             00000005
DDRA                              TRISA
DDRB                              TRISB
DDRC                              TRISC
DDRD                              TRISD
DDRE                              TRISE
DONE                              00000001
D_A                               00000005
D_NOT_A                           00000005
ECCP1AS                           00000FB6
ECCPAS0                           00000004
ECCPAS1                           00000005
ECCPAS2                           00000006
ECCPASE                           00000007
EEADR                             00000FA9
EEADRH                            00000FAA
EECON1                            00000FA6
EECON2                            00000FA7
EEDATA                            00000FA8
EEIE                              00000004
EEIF                              00000004
EEIP                              00000004
EEPGD                             00000007
FAST                              00000001
FERR                              00000002
FREE                              00000004
FSR0                              00000000
FSR0H                             00000FEA
FSR0L                             00000FE9
FSR1                              00000001
FSR1H                             00000FE2
FSR1L                             00000FE1
FSR2                              00000002
FSR2H                             00000FDA
FSR2L                             00000FD9
GCEN                              00000007
GIE                               00000007
GIEH                              00000007
GIEL                              00000006
GIE_GIEH                          00000007
GO                                00000001
GO_DONE                           00000001
GO_NOT_DONE                       00000001
MPASM 5.71  /USERS/MREITER/DESKTOP/AER201/BO   2-25-2017  13:07:24         PAGE 17


SYMBOL TABLE
  LABEL                             VALUE 

HLVDCON                           00000FD2
HLVDEN                            00000004
HLVDIE                            00000002
HLVDIF                            00000002
HLVDIN                            00000005
HLVDIP                            00000002
HLVDL0                            00000000
HLVDL1                            00000001
HLVDL2                            00000002
HLVDL3                            00000003
HOLD_UP                           00000220
I2C_Condition                     
I2C_Master_ACK                    00000238
I2C_Master_INIT                   000001E0
I2C_Master_READ                   00000228
I2C_Master_RSTART                 0000020A
I2C_Master_START                  00000202
I2C_Master_STOP                   00000212
I2C_Master_WAIT                   000001F2
I2C_Master_WRITE                  0000021A
IBF                               00000007
IBOV                              00000005
IDLEN                             00000007
INDF0                             00000FEF
INDF1                             00000FE7
INDF2                             00000FDF
INIT_ARDUINO                      000002C0
INT0                              00000000
INT0E                             00000004
INT0F                             00000001
INT0IE                            00000004
INT0IF                            00000001
INT1                              00000001
INT1E                             00000003
INT1F                             00000000
INT1IE                            00000003
INT1IF                            00000000
INT1IP                            00000006
INT1P                             00000006
INT2                              00000002
INT2E                             00000004
INT2F                             00000001
INT2IE                            00000004
INT2IF                            00000001
INT2IP                            00000007
INT2P                             00000007
INTCON                            00000FF2
INTCON2                           00000FF1
INTCON3                           00000FF0
INTEDG0                           00000006
INTEDG1                           00000005
INTEDG2                           00000004
INTSRC                            00000007
MPASM 5.71  /USERS/MREITER/DESKTOP/AER201/BO   2-25-2017  13:07:24         PAGE 18


SYMBOL TABLE
  LABEL                             VALUE 

IOFS                              00000002
IPEN                              00000007
IPR1                              00000F9F
IPR2                              00000FA2
IRCF0                             00000004
IRCF1                             00000005
IRCF2                             00000006
IRVST                             00000005
IVRST                             00000005
InitLCD                           00000000
KBI0                              00000004
KBI1                              00000005
KBI2                              00000006
KBI3                              00000007
LATA                              00000F89
LATA0                             00000000
LATA1                             00000001
LATA2                             00000002
LATA3                             00000003
LATA4                             00000004
LATA5                             00000005
LATA6                             00000006
LATA7                             00000007
LATB                              00000F8A
LATB0                             00000000
LATB1                             00000001
LATB2                             00000002
LATB3                             00000003
LATB4                             00000004
LATB5                             00000005
LATB6                             00000006
LATB7                             00000007
LATC                              00000F8B
LATC0                             00000000
LATC1                             00000001
LATC2                             00000002
LATC3                             00000003
LATC4                             00000004
LATC5                             00000005
LATC6                             00000006
LATC7                             00000007
LATD                              00000F8C
LATD0                             00000000
LATD1                             00000001
LATD2                             00000002
LATD3                             00000003
LATD4                             00000004
LATD5                             00000005
LATD6                             00000006
LATD7                             00000007
LATE                              00000F8D
LATE0                             00000000
LATE1                             00000001
MPASM 5.71  /USERS/MREITER/DESKTOP/AER201/BO   2-25-2017  13:07:24         PAGE 19


SYMBOL TABLE
  LABEL                             VALUE 

LATE2                             00000002
LCD_L1                            00000000
LCD_L2                            00000000
LOOP                              0000022E
LVDCON                            00000FD2
LVDEN                             00000004
LVDIE                             00000002
LVDIF                             00000002
LVDIN                             00000005
LVDIP                             00000002
LVDL0                             00000000
LVDL1                             00000001
LVDL2                             00000002
LVDL3                             00000003
LVV0                              00000000
LVV1                              00000001
LVV2                              00000002
LVV3                              00000003
MCLR                              00000003
N                                 00000004
NOT_A                             00000005
NOT_ADDRESS                       00000005
NOT_BOR                           00000000
NOT_CS                            00000002
NOT_DONE                          00000001
NOT_MCLR                          00000003
NOT_PD                            00000002
NOT_POR                           00000001
NOT_RBPU                          00000007
NOT_RD                            00000000
NOT_RI                            00000004
NOT_SS                            00000005
NOT_T1SYNC                        00000002
NOT_T3SYNC                        00000002
NOT_TO                            00000003
NOT_W                             00000002
NOT_WR                            00000001
NOT_WRITE                         00000002
OBF                               00000006
OERR                              00000001
OSCCON                            00000FD3
OSCFIE                            00000007
OSCFIF                            00000007
OSCFIP                            00000007
OSCTUNE                           00000F9B
OSTS                              00000003
OV                                00000003
P                                 00000004
P1B                               00000005
P1C                               00000006
P1D                               00000007
P1M0                              00000006
P1M1                              00000007
MPASM 5.71  /USERS/MREITER/DESKTOP/AER201/BO   2-25-2017  13:07:24         PAGE 20


SYMBOL TABLE
  LABEL                             VALUE 

PC                                00000FF9
PCFG0                             00000000
PCFG1                             00000001
PCFG2                             00000002
PCFG3                             00000003
PCL                               00000FF9
PCLATH                            00000FFA
PCLATU                            00000FFB
PD                                00000002
PDC0                              00000000
PDC1                              00000001
PDC2                              00000002
PDC3                              00000003
PDC4                              00000004
PDC5                              00000005
PDC6                              00000006
PEIE                              00000006
PEIE_GIEL                         00000006
PEN                               00000002
PGC                               00000006
PGD                               00000007
PGM                               00000005
PIE1                              00000F9D
PIE2                              00000FA0
PIR1                              00000F9E
PIR2                              00000FA1
PLLEN                             00000006
PLUSW0                            00000FEB
PLUSW1                            00000FE3
PLUSW2                            00000FDB
POR                               00000001
PORTA                             00000F80
PORTB                             00000F81
PORTC                             00000F82
PORTD                             00000F83
PORTE                             00000F84
POSTDEC0                          00000FED
POSTDEC1                          00000FE5
POSTDEC2                          00000FDD
POSTINC0                          00000FEE
POSTINC1                          00000FE6
POSTINC2                          00000FDE
PR2                               00000FCB
PREINC0                           00000FEC
PREINC1                           00000FE4
PREINC2                           00000FDC
PROD                              00000FF3
PRODH                             00000FF4
PRODL                             00000FF3
PRSEN                             00000007
PSA                               00000003
PSP0                              00000000
PSP1                              00000001
MPASM 5.71  /USERS/MREITER/DESKTOP/AER201/BO   2-25-2017  13:07:24         PAGE 21


SYMBOL TABLE
  LABEL                             VALUE 

PSP2                              00000002
PSP3                              00000003
PSP4                              00000004
PSP5                              00000005
PSP6                              00000006
PSP7                              00000007
PSPIE                             00000007
PSPIF                             00000007
PSPIP                             00000007
PSPMODE                           00000004
PSSAC0                            00000002
PSSAC1                            00000003
PSSBD0                            00000000
PSSBD1                            00000001
PWM1CON                           00000FB7
R                                 00000002
RA0                               00000000
RA1                               00000001
RA2                               00000002
RA3                               00000003
RA4                               00000004
RA5                               00000005
RA6                               00000006
RA7                               00000007
RB0                               00000000
RB1                               00000001
RB2                               00000002
RB3                               00000003
RB4                               00000004
RB5                               00000005
RB6                               00000006
RB7                               00000007
RBIE                              00000003
RBIF                              00000000
RBIP                              00000000
RBPU                              00000007
RC0                               00000000
RC1                               00000001
RC2                               00000002
RC3                               00000003
RC4                               00000004
RC5                               00000005
RC6                               00000006
RC7                               00000007
RCEN                              00000003
RCIDL                             00000006
RCIE                              00000005
RCIF                              00000005
RCIP                              00000005
RCMT                              00000006
RCON                              00000FD0
RCREG                             00000FAE
RCSTA                             00000FAB
MPASM 5.71  /USERS/MREITER/DESKTOP/AER201/BO   2-25-2017  13:07:24         PAGE 22


SYMBOL TABLE
  LABEL                             VALUE 

RD                                00000000
RD0                               00000000
RD1                               00000001
RD16                              00000007
RD2                               00000002
RD3                               00000003
RD4                               00000004
RD5                               00000005
RD6                               00000006
RD7                               00000007
RD_END                            000001D6
RD_END_RTC                        00000128
RD_ERR1                           000001B8
RD_ERR1_RTC                       0000010A
RD_ERR2                           000001C2
RD_ERR2_RTC                       00000114
RD_ERR3                           000001CC
RD_ERR3_RTC                       0000011E
RE0                               00000000
RE1                               00000001
RE2                               00000002
RE3                               00000003
READ_ARDUINO                      000002EA
READ_COLOUR_I2C                   00000148
RI                                00000004
RSEN                              00000001
RX                                00000007
RX9                               00000006
RX9D                              00000000
RXCKP                             00000005
RXDTP                             00000005
R_NOT_W                           00000002
R_W                               00000002
S                                 00000003
SBOREN                            00000006
SCK                               00000003
SCKP                              00000004
SCL                               00000003
SCS0                              00000000
SCS1                              00000001
SDA                               00000004
SDI                               00000004
SDO                               00000005
SEN                               00000000
SENDB                             00000003
SMP                               00000007
SP0                               00000000
SP1                               00000001
SP2                               00000002
SP3                               00000003
SP4                               00000004
SPBRG                             00000FAF
SPBRGH                            00000FB0
MPASM 5.71  /USERS/MREITER/DESKTOP/AER201/BO   2-25-2017  13:07:24         PAGE 23


SYMBOL TABLE
  LABEL                             VALUE 

SPEN                              00000007
SREN                              00000005
SS                                00000005
SSPADD                            00000FC8
SSPBUF                            00000FC9
SSPCON1                           00000FC6
SSPCON2                           00000FC5
SSPEN                             00000005
SSPIE                             00000003
SSPIF                             00000003
SSPIP                             00000003
SSPM0                             00000000
SSPM1                             00000001
SSPM2                             00000002
SSPM3                             00000003
SSPOV                             00000006
SSPSTAT                           00000FC7
STATUS                            00000FD8
STKFUL                            00000007
STKOVF                            00000007
STKPTR                            00000FFC
STKPTR0                           00000000
STKPTR1                           00000001
STKPTR2                           00000002
STKPTR3                           00000003
STKPTR4                           00000004
STKUNF                            00000006
SWDTE                             00000000
SWDTEN                            00000000
SYNC                              00000004
T016BIT                           00000006
T08BIT                            00000006
T0CKI                             00000004
T0CON                             00000FD5
T0CS                              00000005
T0IE                              00000005
T0IF                              00000002
T0PS0                             00000000
T0PS1                             00000001
T0PS2                             00000002
T0SE                              00000004
T13CKI                            00000000
T1CKI                             00000000
T1CKPS0                           00000004
T1CKPS1                           00000005
T1CON                             00000FCD
T1OSCEN                           00000003
T1OSI                             00000001
T1OSO                             00000000
T1RUN                             00000006
T1SYNC                            00000002
T2CKPS0                           00000000
T2CKPS1                           00000001
MPASM 5.71  /USERS/MREITER/DESKTOP/AER201/BO   2-25-2017  13:07:24         PAGE 24


SYMBOL TABLE
  LABEL                             VALUE 

T2CON                             00000FCA
T2OUTPS0                          00000003
T2OUTPS1                          00000004
T2OUTPS2                          00000005
T2OUTPS3                          00000006
T3CCP1                            00000003
T3CCP2                            00000006
T3CKPS0                           00000004
T3CKPS1                           00000005
T3CON                             00000FB1
T3SYNC                            00000002
TABLAT                            00000FF5
TBLPTR                            00000FF6
TBLPTRH                           00000FF7
TBLPTRL                           00000FF6
TBLPTRU                           00000FF8
TEST_ACK                          0000023C
TMR0                              00000FD6
TMR0H                             00000FD7
TMR0IE                            00000005
TMR0IF                            00000002
TMR0IP                            00000002
TMR0L                             00000FD6
TMR0ON                            00000007
TMR1                              00000FCE
TMR1CS                            00000001
TMR1H                             00000FCF
TMR1IE                            00000000
TMR1IF                            00000000
TMR1IP                            00000000
TMR1L                             00000FCE
TMR1ON                            00000000
TMR2                              00000FCC
TMR2IE                            00000001
TMR2IF                            00000001
TMR2IP                            00000001
TMR2ON                            00000002
TMR3                              00000FB2
TMR3CS                            00000001
TMR3H                             00000FB3
TMR3IE                            00000001
TMR3IF                            00000001
TMR3IP                            00000001
TMR3L                             00000FB2
TMR3ON                            00000000
TO                                00000003
TOS                               00000FFD
TOSH                              00000FFE
TOSL                              00000FFD
TOSU                              00000FFF
TRISA                             00000F92
TRISA0                            00000000
TRISA1                            00000001
MPASM 5.71  /USERS/MREITER/DESKTOP/AER201/BO   2-25-2017  13:07:24         PAGE 25


SYMBOL TABLE
  LABEL                             VALUE 

TRISA2                            00000002
TRISA3                            00000003
TRISA4                            00000004
TRISA5                            00000005
TRISA6                            00000006
TRISA7                            00000007
TRISB                             00000F93
TRISB0                            00000000
TRISB1                            00000001
TRISB2                            00000002
TRISB3                            00000003
TRISB4                            00000004
TRISB5                            00000005
TRISB6                            00000006
TRISB7                            00000007
TRISC                             00000F94
TRISC0                            00000000
TRISC1                            00000001
TRISC2                            00000002
TRISC3                            00000003
TRISC4                            00000004
TRISC5                            00000005
TRISC6                            00000006
TRISC7                            00000007
TRISD                             00000F95
TRISD0                            00000000
TRISD1                            00000001
TRISD2                            00000002
TRISD3                            00000003
TRISD4                            00000004
TRISD5                            00000005
TRISD6                            00000006
TRISD7                            00000007
TRISE                             00000F96
TRISE0                            00000000
TRISE1                            00000001
TRISE2                            00000002
TRMT                              00000001
TUN0                              00000000
TUN1                              00000001
TUN2                              00000002
TUN3                              00000003
TUN4                              00000004
TX                                00000006
TX9                               00000006
TX9D                              00000000
TXCKP                             00000004
TXEN                              00000005
TXIE                              00000004
TXIF                              00000004
TXIP                              00000004
TXREG                             00000FAD
TXSTA                             00000FAC
MPASM 5.71  /USERS/MREITER/DESKTOP/AER201/BO   2-25-2017  13:07:24         PAGE 26


SYMBOL TABLE
  LABEL                             VALUE 

UA                                00000001
VCFG0                             00000004
VCFG1                             00000005
VDIRMAG                           00000007
VPP                               00000003
W                                 00000000
WAIT                              000001F2
WCOL                              00000007
WDTCON                            00000FD1
WR                                00000001
WREG                              00000FE8
WREN                              00000002
WRERR                             00000003
WRITE_COLOUR_I2C                  00000242
WR_DATA                           00000000
WR_END                            000002B6
WR_END_RTC                        00000092
WR_ERR1                           00000296
WR_ERR1_RTC                       00000072
WR_ERR2                           000002A0
WR_ERR2_RTC                       0000007C
WR_ERR3                           000002AC
WR_ERR3_RTC                       00000088
WR_INS                            00000000
WUE                               00000001
WrtLCD                            00000000
Z                                 00000002
_.code_001C                       0000001C
_.code_002A                       0000002A
_.code_0032                       00000032
_.code_0038                       00000038
_.code_0048                       00000048
_.code_004E                       0000004E
_.code_005E                       0000005E
_.code_0064                       00000064
_.code_0096                       00000096
_.code_00A4                       000000A4
_.code_00AC                       000000AC
_.code_00B2                       000000B2
_.code_00C2                       000000C2
_.code_00C8                       000000C8
_.code_00D6                       000000D6
_.code_00DE                       000000DE
_.code_00E4                       000000E4
_.code_00F2                       000000F2
_.code_012C                       0000012C
_.code_0150                       00000150
_.code_0158                       00000158
_.code_015E                       0000015E
_.code_0170                       00000170
_.code_0176                       00000176
_.code_0184                       00000184
_.code_018C                       0000018C
MPASM 5.71  /USERS/MREITER/DESKTOP/AER201/BO   2-25-2017  13:07:24         PAGE 27


SYMBOL TABLE
  LABEL                             VALUE 

_.code_0192                       00000192
_.code_01A0                       000001A0
_.code_01DA                       000001DA
_.code_024A                       0000024A
_.code_0252                       00000252
_.code_0258                       00000258
_.code_026A                       0000026A
_.code_0270                       00000270
_.code_0282                       00000282
_.code_0288                       00000288
_.code_02BA                       000002BA
_.code_02C8                       000002C8
_.code_02D0                       000002D0
_.code_02D6                       000002D6
_.code_02E4                       000002E4
_.code_02F2                       000002F2
_.code_02FA                       000002FA
_.code_0300                       00000300
_.code_030E                       0000030E
_.code_0324                       00000324
_BOREN_NOSLP_2L                   000000FD
_BOREN_OFF_2L                     000000F9
_BOREN_ON_2L                      000000FB
_BOREN_SBORDIS_2L                 000000FF
_BORV_0_2L                        000000E7
_BORV_1_2L                        000000EF
_BORV_2_2L                        000000F7
_BORV_3_2L                        000000FF
_CCP2MX_PORTBE_3H                 000000FE
_CCP2MX_PORTC_3H                  000000FF
_CONFIG1H                         00300001
_CONFIG2H                         00300003
_CONFIG2L                         00300002
_CONFIG3H                         00300005
_CONFIG4L                         00300006
_CONFIG5H                         00300009
_CONFIG5L                         00300008
_CONFIG6H                         0030000B
_CONFIG6L                         0030000A
_CONFIG7H                         0030000D
_CONFIG7L                         0030000C
_CP0_OFF_5L                       000000FF
_CP0_ON_5L                        000000FE
_CP1_OFF_5L                       000000FF
_CP1_ON_5L                        000000FD
_CP2_OFF_5L                       000000FF
_CP2_ON_5L                        000000FB
_CP3_OFF_5L                       000000FF
_CP3_ON_5L                        000000F7
_CPB_OFF_5H                       000000FF
_CPB_ON_5H                        000000BF
_CPD_OFF_5H                       000000FF
_CPD_ON_5H                        0000007F
MPASM 5.71  /USERS/MREITER/DESKTOP/AER201/BO   2-25-2017  13:07:24         PAGE 28


SYMBOL TABLE
  LABEL                             VALUE 

_DEBUG_OFF_4L                     000000FF
_DEBUG_ON_4L                      0000007F
_DEVID1                           003FFFFE
_DEVID2                           003FFFFF
_EBTR0_OFF_7L                     000000FF
_EBTR0_ON_7L                      000000FE
_EBTR1_OFF_7L                     000000FF
_EBTR1_ON_7L                      000000FD
_EBTR2_OFF_7L                     000000FF
_EBTR2_ON_7L                      000000FB
_EBTR3_OFF_7L                     000000FF
_EBTR3_ON_7L                      000000F7
_EBTRB_OFF_7H                     000000FF
_EBTRB_ON_7H                      000000BF
_FCMEN_OFF_1H                     000000BF
_FCMEN_ON_1H                      000000FF
_IDLOC0                           00200000
_IDLOC1                           00200001
_IDLOC2                           00200002
_IDLOC3                           00200003
_IDLOC4                           00200004
_IDLOC5                           00200005
_IDLOC6                           00200006
_IDLOC7                           00200007
_IESO_OFF_1H                      0000007F
_IESO_ON_1H                       000000FF
_LPT1OSC_OFF_3H                   000000FB
_LPT1OSC_ON_3H                    000000FF
_LVP_OFF_4L                       000000FB
_LVP_ON_4L                        000000FF
_MCLRE_OFF_3H                     0000007F
_MCLRE_ON_3H                      000000FF
_OSC_ECIO6_1H                     000000F5
_OSC_EC_1H                        000000F4
_OSC_HSPLL_1H                     000000F6
_OSC_HS_1H                        000000F2
_OSC_INTIO67_1H                   000000F8
_OSC_INTIO7_1H                    000000F9
_OSC_LP_1H                        000000F0
_OSC_RCIO6_1H                     000000F7
_OSC_RC_1H                        000000F3
_OSC_XT_1H                        000000F1
_PBADEN_OFF_3H                    000000FD
_PBADEN_ON_3H                     000000FF
_PWRT_OFF_2L                      000000FF
_PWRT_ON_2L                       000000FE
_STVREN_OFF_4L                    000000FE
_STVREN_ON_4L                     000000FF
_WDTPS_1024_2H                    000000F5
_WDTPS_128_2H                     000000EF
_WDTPS_16384_2H                   000000FD
_WDTPS_16_2H                      000000E9
_WDTPS_1_2H                       000000E1
MPASM 5.71  /USERS/MREITER/DESKTOP/AER201/BO   2-25-2017  13:07:24         PAGE 29


SYMBOL TABLE
  LABEL                             VALUE 

_WDTPS_2048_2H                    000000F7
_WDTPS_256_2H                     000000F1
_WDTPS_2_2H                       000000E3
_WDTPS_32768_2H                   000000FF
_WDTPS_32_2H                      000000EB
_WDTPS_4096_2H                    000000F9
_WDTPS_4_2H                       000000E5
_WDTPS_512_2H                     000000F3
_WDTPS_64_2H                      000000ED
_WDTPS_8192_2H                    000000FB
_WDTPS_8_2H                       000000E7
_WDT_OFF_2H                       000000FE
_WDT_ON_2H                        000000FF
_WRT0_OFF_6L                      000000FF
_WRT0_ON_6L                       000000FE
_WRT1_OFF_6L                      000000FF
_WRT1_ON_6L                       000000FD
_WRT2_OFF_6L                      000000FF
_WRT2_ON_6L                       000000FB
_WRT3_OFF_6L                      000000FF
_WRT3_ON_6L                       000000F7
_WRTB_OFF_6H                      000000FF
_WRTB_ON_6H                       000000BF
_WRTC_OFF_6H                      000000FF
_WRTC_ON_6H                       000000DF
_WRTD_OFF_6H                      000000FF
_WRTD_ON_6H                       0000007F
_XINST_OFF_4L                     000000BF
_XINST_ON_4L                      000000FF
__18F4620                         00000001
_waitknt                          00000003
_waitl0                           00000100
_waitl1                           000001AE
_waitl2                           0000031A
convert_buffer                    00000007
data_colourH                      00000004
data_colourL                      00000003
databyte                          00000001
datachar                          00000002
delay5ms                          00000000
i2c_common_ack                    
i2c_common_check_ack              
i2c_common_nack                   
i2c_common_read                   
i2c_common_repeatedstart          
i2c_common_setup                  00000000
i2c_common_start                  
i2c_common_stop                   
i2c_common_write                  
ones_digit                        00000006
read_rtc                          0000009C
regaddress                        00000000
rtc_convert                       00000132
MPASM 5.71  /USERS/MREITER/DESKTOP/AER201/BO   2-25-2017  13:07:24         PAGE 30


SYMBOL TABLE
  LABEL                             VALUE 

tens_digit                        00000005
write_rtc                         00000022

Errors   :     0
Warnings :     4 reported,    46 suppressed
Messages :     0 reported,     0 suppressed

