MPASM 5.71  /USERS/MREITER/DESKTOP/AER201/BO   2-26-2017  11:38:53         PAGE  1


LOC  OBJECT CODE     LINE SOURCE TEXT
  VALUE

                      00001 #include <p18f4620.inc>
                      00001         LIST
                      00002 
                      00003 ;==========================================================================
                      00004 ; Build date : Nov 17 2016
                      00005 ;  MPASM PIC18F4620 processor include
                      00006 ; 
                      00007 ;  (c) Copyright 1999-2016 Microchip Technology, All rights reserved
                      00008 ;==========================================================================
                      00009 
                      01440         LIST
                      00002 
                      00003 ;Declare constants for pin assignments (LCD on PORTD)
  00000002            00004 RS      equ 2
  00000003            00005 E       equ 3
                      00006 
                      00007 #define         LCD_RS      LATD, 2        ; for v 1.0 used PORTD.3
                      00008 #define         LCD_E       LATD, 3        ; for v 1.0 used PORTD.2
                      00009 
  00000070            00010 lcd_tmp         equ             0x70
  00000071            00011 lcd_d1          equ             0x71
  00000072            00012 lcd_d2          equ             0x72
  00000073            00013 temp_lcd        equ             0x73           ; buffer for Instruction
  00000074            00014 dat             equ             0x74           ; buffer for data
  00000075            00015 delay1          equ             0x75
  00000076            00016 delay2          equ             0x76
  00000077            00017 delay3          equ             0x77
                      00018 
                      00019 ;Helper macros
                      00020 WRT_LCD macro val
                      00021         movlw   val
                      00022         call    WrtLCD
                      00023         endm
                      00024         
                      00025 ;Delay: ~44us
                      00026 LCD_DELAY macro
                      00027         movlw   0x23
                      00028         movwf   lcd_d1
                      00029         decfsz  lcd_d1,f
                      00030         goto    $-2
                      00031         endm
                      00032 
                      00033         code
  0000                00034         global InitLCD,WrtLCD,ClkLCD,ClrLCD,WR_INS,WR_DATA,LCD_L1,LCD_L2,delay5ms,delay44us
                      00035 
                      00036 ; ****************************************************************************
                      00037 ; GLOBAL SUBROUTINES
                      00038 ; ****************************************************************************
000000                00039 InitLCD
                      00040         ;bsf PORTD,E     ;E default high        
                      00041         ;Wait for LCD POR to finish (~15ms)
000000 EC?? F???      00042         call lcdLongDelay
000004 EC?? F???      00043         call lcdLongDelay
MPASM 5.71  /USERS/MREITER/DESKTOP/AER201/BO   2-26-2017  11:38:53         PAGE  2


LOC  OBJECT CODE     LINE SOURCE TEXT
  VALUE

000008 EC?? F???      00044         call lcdLongDelay
                      00045         ;Ensure 8-bit mode first (no way to immediately guarantee 4-bit mode)
                      00046         ; -> Send b'0011' 3 times
00000C 9483           00047     bcf     PORTD,RS       ;Instruction mode
00000E 0E30           00048         movlw   B'00110000'
000010 EC?? F???      00049         call    MovMSB
000014 EC?? F???      00050         call    ClkLCD         ;Finish last 4-bit send (if reset occurred in middle of a send)
000018 EC?? F???      00051         call    ClkLCD         ;Assuming 4-bit mode, set 8-bit mode
00001C EC?? F???      00052         call    lcdLongDelay   ;->max instruction time ~= 5ms
000020 EC?? F???      00053         call    ClkLCD         ;(note: if it's in 8-bit mode already, it will stay in 8-bit mode)
                      00054     ;Now that we know for sure it's in 8-bit mode, set 4-bit mode.
000024 0E20           00055         movlw B'00100000'
000026 EC?? F???      00056         call MovMSB
00002A EC?? F???      00057         call ClkLCD
00002E EC?? F???      00058         call    lcdLongDelay   ;->max instruction time ~= 5ms
                      00059         ;Give LCD init instructions
                      00060         WRT_LCD B'00101000' ; 4 bits, 2 lines,5X8 dot
000032 0E28               M         movlw   B'00101000'
000034 EC?? F???          M         call    WrtLCD
000038 EC?? F???      00061         call    lcdLongDelay   ;->max instruction time ~= 5ms
                      00062         WRT_LCD B'00001100' ; display on,cursor,blink
00003C 0E0C               M         movlw   B'00001100'
00003E EC?? F???          M         call    WrtLCD
000042 EC?? F???      00063         call    lcdLongDelay   ;->max instruction time ~= 5ms
                      00064         WRT_LCD B'00000110' ; Increment,no shift
000046 0E06               M         movlw   B'00000110'
000048 EC?? F???          M         call    WrtLCD
00004C EC?? F???      00065         call    lcdLongDelay   ;->max instruction time ~= 5ms
                      00066         ;Ready to display characters
000050 EC?? F???      00067         call    ClrLCD
000054 8483           00068     bsf     PORTD,RS    ;Character mode
000056 0012           00069         return
                      00070 
                      00071 ;****************************************
                      00072 ;               Write command to LCD
                      00073 ;               Input  : W
                      00074 ;               output : -
                      00075 ;****************************************
000058                00076 WR_INS
000058 948C           00077                 bcf     LCD_RS                                  ; clear Register Status bit
00005A 6E73           00078                 movwf   temp_lcd                        ; store instruction
00005C 0BF0           00079                 andlw   0xF0                            ; mask 4 bits MSB
00005E 6E8C           00080                 movwf   LATD                            ; send 4 bits MSB
                      00081 
000060 868C           00082                 bsf     LCD_E                                   ; pulse enable high
Warning[202]: Argument out of range.  Least significant bits used.
000062 3873           00083                 swapf   temp_lcd, WREG          ; swap nibbles
000064 0BF0           00084                 andlw   0xF0                            ; mask 4 bits LSB
000066 968C           00085                 bcf     LCD_E
000068 6E8C           00086                 movwf   LATD                            ; send 4 bits LSB
00006A 868C           00087                 bsf     LCD_E                                   ; pulse enable high
00006C 968C           00088                 bcf     LCD_E
00006E EC?? F???      00089                 call    delay5ms
MPASM 5.71  /USERS/MREITER/DESKTOP/AER201/BO   2-26-2017  11:38:53         PAGE  3


LOC  OBJECT CODE     LINE SOURCE TEXT
  VALUE

                      00090 
000072 0012           00091                 return
                      00092 
                      00093 ;***************************************
                      00094 ;               Write data to LCD
                      00095 ;               Input  : W
                      00096 ;               Output : -
                      00097 ;***************************************
000074                00098 WR_DATA
000074 948C           00099                 bcf             LCD_RS                                  ; clear Register Status bit
000076 6E74           00100         movwf   dat                                     ; store character
Warning[202]: Argument out of range.  Least significant bits used.
000078 5074           00101         movf    dat, WREG
00007A 0BF0           00102                 andlw   0xF0                            ; mask 4 bits MSB
00007C 0F04           00103         addlw   4                                       ; set Register Status
00007E 6E83           00104         movwf   PORTD                           ; send 4 bits MSB
                      00105 
000080 868C           00106                 bsf             LCD_E                                   ; pulse enable high
Warning[202]: Argument out of range.  Least significant bits used.
000082 3874           00107         swapf   dat, WREG                       ; swap nibbles
000084 0BF0           00108         andlw   0xF0                            ; mask 4 bits LSB
000086 968C           00109                 bcf             LCD_E
000088 0F04           00110         addlw   4                                       ; set Register Status
00008A 6E83           00111         movwf   PORTD                           ; send 4 bits LSB
00008C 868C           00112                 bsf             LCD_E                                   ; pulse enable high
00008E 968C           00113                 bcf             LCD_E
                      00114 
000090 EC?? F???      00115                 call    delay44us
                      00116 
000094 0012           00117         return
                      00118 
                      00119 ; WrtLCD: Clock MSB and LSB of W to PORTD<7:4> in two cycles
000096                00120 WrtLCD
000096 6E70           00121         movwf   lcd_tmp ; store original value
000098 EC?? F???      00122         call    MovMSB  ; move MSB to PORTD
00009C EC?? F???      00123         call    ClkLCD
0000A0 3870           00124         swapf   lcd_tmp,w ; Swap LSB of value into MSB of W
0000A2 EC?? F???      00125     call    MovMSB    ; move to PORTD
0000A6 EC?? F???      00126     call    ClkLCD
                      00127 
0000AA 0012           00128     return
                      00129 
                      00130 ; ClrLCD: Clear the LCD display
0000AC                00131 ClrLCD
0000AC 9483           00132     bcf     PORTD,RS       ;Instruction mode
                      00133     WRT_LCD b'00000001'
0000AE 0E01               M         movlw   b'00000001'
0000B0 EC?? F???          M         call    WrtLCD
0000B4 EC?? F???      00134     call    lcdLongDelay
0000B8 0012           00135     return
                      00136 
                      00137 ; ClkLCD: Pulse the E line low
0000BA                00138 ClkLCD
MPASM 5.71  /USERS/MREITER/DESKTOP/AER201/BO   2-26-2017  11:38:53         PAGE  4


LOC  OBJECT CODE     LINE SOURCE TEXT
  VALUE

                      00139     ;LCD_DELAY
0000BA 8683           00140     bsf PORTD,E
0000BC 0000           00141     nop
                      00142         ;LCD_DELAY   ; __    __
0000BE 9683           00143     bcf PORTD,E ;   |__|
                      00144         LCD_DELAY
0000C0 0E23               M         movlw   0x23
0000C2 6E71               M         movwf   lcd_d1
0000C4 2E71               M         decfsz  lcd_d1,f
0000C6 EF?? F???          M         goto    $-2
0000CA 0012           00145     return
                      00146 
                      00147 ; Change LCD Lines
0000CC                00148 LCD_L1
0000CC 0E80           00149                 movlw           B'10000000'
0000CE EC?? F???      00150                 call            WR_INS
0000D2 0012           00151                 return
0000D4                00152 LCD_L2
0000D4 0EC0           00153                 movlw           B'11000000'
0000D6 EC?? F???      00154                 call            WR_INS
0000DA 0012           00155                 return
                      00156 ; ****************************************************************************
                      00157 ; EXTRA HELPER SUBROUTINES
                      00158 ; ****************************************************************************
                      00159 ;MovMSB: Move MSB of W to PORTD, without disturbing LSB
0000DC                00160 MovMSB
0000DC 0BF0           00161     andlw 0xF0
0000DE 1283           00162     iorwf PORTD,f
0000E0 090F           00163     iorlw 0x0F
0000E2 1683           00164     andwf PORTD,f
0000E4 0012           00165     return
                      00166 
                      00167     ;Delay: ~5ms
0000E6                00168 lcdLongDelay
0000E6 0E50           00169     movlw d'80'
0000E8 6E72           00170     movwf lcd_d2
0000EA                00171 LLD_LOOP
                      00172     LCD_DELAY
0000EA 0E23               M         movlw   0x23
0000EC 6E71               M         movwf   lcd_d1
0000EE 2E71               M         decfsz  lcd_d1,f
0000F0 EF?? F???          M         goto    $-2
0000F4 2E72           00173     decfsz lcd_d2,f
0000F6 EF?? F???      00174     goto LLD_LOOP
0000FA 0012           00175     return
                      00176 
                      00177 ;******************************************************************************
                      00178 ; Delay44us (): wait exactly  110 cycles (44 us)
                      00179 ; <www.piclist.org>
                      00180 
0000FC                00181 delay44us
0000FC 0E23           00182                 movlw   0x23
0000FE 6E75           00183                 movwf   delay1, 0
MPASM 5.71  /USERS/MREITER/DESKTOP/AER201/BO   2-26-2017  11:38:53         PAGE  5


LOC  OBJECT CODE     LINE SOURCE TEXT
  VALUE

                      00184 
000100                00185 Delay44usLoop
                      00186 
000100 2E75           00187                 decfsz  delay1, f
000102 EF?? F???      00188                 goto    Delay44usLoop
000106 0012           00189                 return
000108                00190 delay5ms
000108 0EC2           00191                 movlw   0xC2
00010A 6E75           00192                 movwf   delay1,0
00010C 0E0A           00193                 movlw   0x0A
00010E 6E76           00194                 movwf   delay2,0
                      00195 
000110                00196 Delay5msLoop
000110 2E75           00197                 decfsz  delay1, f
000112 EF?? F???      00198                 goto    d2
000116 2E76           00199                 decfsz  delay2, f
000118 EF?? F???      00200 d2              goto    Delay5msLoop
00011C 0012           00201                 return
                      00202 
                      00203     end
MPASM 5.71  /USERS/MREITER/DESKTOP/AER201/BO   2-26-2017  11:38:53         PAGE  6


SYMBOL TABLE
  LABEL                             VALUE 

A                                 00000000
ABDEN                             00000000
ABDOVF                            00000007
ACCESS                            00000000
ACKDT                             00000005
ACKEN                             00000004
ACKSTAT                           00000006
ACQT0                             00000003
ACQT1                             00000004
ACQT2                             00000005
ADCON0                            00000FC2
ADCON1                            00000FC1
ADCON2                            00000FC0
ADCS0                             00000000
ADCS1                             00000001
ADCS2                             00000002
ADDEN                             00000003
ADEN                              00000003
ADFM                              00000007
ADIE                              00000006
ADIF                              00000006
ADIP                              00000006
ADON                              00000000
ADRES                             00000FC3
ADRESH                            00000FC4
ADRESL                            00000FC3
AN10                              00000001
AN11                              00000004
AN12                              00000000
AN4                               00000005
AN5                               00000000
AN6                               00000001
AN7                               00000002
AN8                               00000002
AN9                               00000003
BANKED                            00000001
BAUDCON                           00000FB8
BAUDCTL                           00000FB8
BCLIE                             00000003
BCLIF                             00000003
BCLIP                             00000003
BF                                00000000
BGST                              00000005
BOR                               00000000
BRG16                             00000003
BRGH                              00000002
BSR                               00000FE0
C                                 00000000
C1INV                             00000004
C1OUT                             00000006
C2INV                             00000005
C2OUT                             00000007
CCP1                              00000002
MPASM 5.71  /USERS/MREITER/DESKTOP/AER201/BO   2-26-2017  11:38:53         PAGE  7


SYMBOL TABLE
  LABEL                             VALUE 

CCP1CON                           00000FBD
CCP1IE                            00000002
CCP1IF                            00000002
CCP1IP                            00000002
CCP1M0                            00000000
CCP1M1                            00000001
CCP1M2                            00000002
CCP1M3                            00000003
CCP1X                             00000005
CCP1Y                             00000004
CCP2CON                           00000FBA
CCP2IE                            00000000
CCP2IF                            00000000
CCP2IP                            00000000
CCP2M0                            00000000
CCP2M1                            00000001
CCP2M2                            00000002
CCP2M3                            00000003
CCP2X                             00000005
CCP2Y                             00000004
CCP2_PORTB                        00000003
CCP2_PORTC                        00000001
CCPR1                             00000FBE
CCPR1H                            00000FBF
CCPR1L                            00000FBE
CCPR2                             00000FBB
CCPR2H                            00000FBC
CCPR2L                            00000FBB
CFGS                              00000006
CHS0                              00000002
CHS1                              00000003
CHS2                              00000004
CHS3                              00000005
CIS                               00000003
CK                                00000006
CKE                               00000006
CKP                               00000004
CM0                               00000000
CM1                               00000001
CM2                               00000002
CMCON                             00000FB4
CMIE                              00000006
CMIF                              00000006
CMIP                              00000006
CREN                              00000004
CS                                00000002
CSRC                              00000007
CVR0                              00000000
CVR1                              00000001
CVR2                              00000002
CVR3                              00000003
CVRCON                            00000FB5
CVREN                             00000007
MPASM 5.71  /USERS/MREITER/DESKTOP/AER201/BO   2-26-2017  11:38:53         PAGE  8


SYMBOL TABLE
  LABEL                             VALUE 

CVROE                             00000006
CVRR                              00000005
CVRSS                             00000004
ClkLCD                            000000BA
ClrLCD                            000000AC
D                                 00000005
DC                                00000001
DC1B0                             00000004
DC1B1                             00000005
DC2B0                             00000004
DC2B1                             00000005
DDRA                              TRISA
DDRB                              TRISB
DDRC                              TRISC
DDRD                              TRISD
DDRE                              TRISE
DONE                              00000001
D_A                               00000005
D_NOT_A                           00000005
Delay44usLoop                     00000100
Delay5msLoop                      00000110
E                                 00000003
ECCP1AS                           00000FB6
ECCPAS0                           00000004
ECCPAS1                           00000005
ECCPAS2                           00000006
ECCPASE                           00000007
EEADR                             00000FA9
EEADRH                            00000FAA
EECON1                            00000FA6
EECON2                            00000FA7
EEDATA                            00000FA8
EEIE                              00000004
EEIF                              00000004
EEIP                              00000004
EEPGD                             00000007
FAST                              00000001
FERR                              00000002
FREE                              00000004
FSR0                              00000000
FSR0H                             00000FEA
FSR0L                             00000FE9
FSR1                              00000001
FSR1H                             00000FE2
FSR1L                             00000FE1
FSR2                              00000002
FSR2H                             00000FDA
FSR2L                             00000FD9
GCEN                              00000007
GIE                               00000007
GIEH                              00000007
GIEL                              00000006
GIE_GIEH                          00000007
MPASM 5.71  /USERS/MREITER/DESKTOP/AER201/BO   2-26-2017  11:38:53         PAGE  9


SYMBOL TABLE
  LABEL                             VALUE 

GO                                00000001
GO_DONE                           00000001
GO_NOT_DONE                       00000001
HLVDCON                           00000FD2
HLVDEN                            00000004
HLVDIE                            00000002
HLVDIF                            00000002
HLVDIN                            00000005
HLVDIP                            00000002
HLVDL0                            00000000
HLVDL1                            00000001
HLVDL2                            00000002
HLVDL3                            00000003
IBF                               00000007
IBOV                              00000005
IDLEN                             00000007
INDF0                             00000FEF
INDF1                             00000FE7
INDF2                             00000FDF
INT0                              00000000
INT0E                             00000004
INT0F                             00000001
INT0IE                            00000004
INT0IF                            00000001
INT1                              00000001
INT1E                             00000003
INT1F                             00000000
INT1IE                            00000003
INT1IF                            00000000
INT1IP                            00000006
INT1P                             00000006
INT2                              00000002
INT2E                             00000004
INT2F                             00000001
INT2IE                            00000004
INT2IF                            00000001
INT2IP                            00000007
INT2P                             00000007
INTCON                            00000FF2
INTCON2                           00000FF1
INTCON3                           00000FF0
INTEDG0                           00000006
INTEDG1                           00000005
INTEDG2                           00000004
INTSRC                            00000007
IOFS                              00000002
IPEN                              00000007
IPR1                              00000F9F
IPR2                              00000FA2
IRCF0                             00000004
IRCF1                             00000005
IRCF2                             00000006
IRVST                             00000005
MPASM 5.71  /USERS/MREITER/DESKTOP/AER201/BO   2-26-2017  11:38:53         PAGE 10


SYMBOL TABLE
  LABEL                             VALUE 

IVRST                             00000005
InitLCD                           00000000
KBI0                              00000004
KBI1                              00000005
KBI2                              00000006
KBI3                              00000007
LATA                              00000F89
LATA0                             00000000
LATA1                             00000001
LATA2                             00000002
LATA3                             00000003
LATA4                             00000004
LATA5                             00000005
LATA6                             00000006
LATA7                             00000007
LATB                              00000F8A
LATB0                             00000000
LATB1                             00000001
LATB2                             00000002
LATB3                             00000003
LATB4                             00000004
LATB5                             00000005
LATB6                             00000006
LATB7                             00000007
LATC                              00000F8B
LATC0                             00000000
LATC1                             00000001
LATC2                             00000002
LATC3                             00000003
LATC4                             00000004
LATC5                             00000005
LATC6                             00000006
LATC7                             00000007
LATD                              00000F8C
LATD0                             00000000
LATD1                             00000001
LATD2                             00000002
LATD3                             00000003
LATD4                             00000004
LATD5                             00000005
LATD6                             00000006
LATD7                             00000007
LATE                              00000F8D
LATE0                             00000000
LATE1                             00000001
LATE2                             00000002
LCD_DELAY                         
LCD_E                             LATD, 3
LCD_L1                            000000CC
LCD_L2                            000000D4
LCD_RS                            LATD, 2
LLD_LOOP                          000000EA
LVDCON                            00000FD2
MPASM 5.71  /USERS/MREITER/DESKTOP/AER201/BO   2-26-2017  11:38:53         PAGE 11


SYMBOL TABLE
  LABEL                             VALUE 

LVDEN                             00000004
LVDIE                             00000002
LVDIF                             00000002
LVDIN                             00000005
LVDIP                             00000002
LVDL0                             00000000
LVDL1                             00000001
LVDL2                             00000002
LVDL3                             00000003
LVV0                              00000000
LVV1                              00000001
LVV2                              00000002
LVV3                              00000003
MCLR                              00000003
MovMSB                            000000DC
N                                 00000004
NOT_A                             00000005
NOT_ADDRESS                       00000005
NOT_BOR                           00000000
NOT_CS                            00000002
NOT_DONE                          00000001
NOT_MCLR                          00000003
NOT_PD                            00000002
NOT_POR                           00000001
NOT_RBPU                          00000007
NOT_RD                            00000000
NOT_RI                            00000004
NOT_SS                            00000005
NOT_T1SYNC                        00000002
NOT_T3SYNC                        00000002
NOT_TO                            00000003
NOT_W                             00000002
NOT_WR                            00000001
NOT_WRITE                         00000002
OBF                               00000006
OERR                              00000001
OSCCON                            00000FD3
OSCFIE                            00000007
OSCFIF                            00000007
OSCFIP                            00000007
OSCTUNE                           00000F9B
OSTS                              00000003
OV                                00000003
P                                 00000004
P1B                               00000005
P1C                               00000006
P1D                               00000007
P1M0                              00000006
P1M1                              00000007
PC                                00000FF9
PCFG0                             00000000
PCFG1                             00000001
PCFG2                             00000002
MPASM 5.71  /USERS/MREITER/DESKTOP/AER201/BO   2-26-2017  11:38:53         PAGE 12


SYMBOL TABLE
  LABEL                             VALUE 

PCFG3                             00000003
PCL                               00000FF9
PCLATH                            00000FFA
PCLATU                            00000FFB
PD                                00000002
PDC0                              00000000
PDC1                              00000001
PDC2                              00000002
PDC3                              00000003
PDC4                              00000004
PDC5                              00000005
PDC6                              00000006
PEIE                              00000006
PEIE_GIEL                         00000006
PEN                               00000002
PGC                               00000006
PGD                               00000007
PGM                               00000005
PIE1                              00000F9D
PIE2                              00000FA0
PIR1                              00000F9E
PIR2                              00000FA1
PLLEN                             00000006
PLUSW0                            00000FEB
PLUSW1                            00000FE3
PLUSW2                            00000FDB
POR                               00000001
PORTA                             00000F80
PORTB                             00000F81
PORTC                             00000F82
PORTD                             00000F83
PORTE                             00000F84
POSTDEC0                          00000FED
POSTDEC1                          00000FE5
POSTDEC2                          00000FDD
POSTINC0                          00000FEE
POSTINC1                          00000FE6
POSTINC2                          00000FDE
PR2                               00000FCB
PREINC0                           00000FEC
PREINC1                           00000FE4
PREINC2                           00000FDC
PROD                              00000FF3
PRODH                             00000FF4
PRODL                             00000FF3
PRSEN                             00000007
PSA                               00000003
PSP0                              00000000
PSP1                              00000001
PSP2                              00000002
PSP3                              00000003
PSP4                              00000004
PSP5                              00000005
MPASM 5.71  /USERS/MREITER/DESKTOP/AER201/BO   2-26-2017  11:38:53         PAGE 13


SYMBOL TABLE
  LABEL                             VALUE 

PSP6                              00000006
PSP7                              00000007
PSPIE                             00000007
PSPIF                             00000007
PSPIP                             00000007
PSPMODE                           00000004
PSSAC0                            00000002
PSSAC1                            00000003
PSSBD0                            00000000
PSSBD1                            00000001
PWM1CON                           00000FB7
R                                 00000002
RA0                               00000000
RA1                               00000001
RA2                               00000002
RA3                               00000003
RA4                               00000004
RA5                               00000005
RA6                               00000006
RA7                               00000007
RB0                               00000000
RB1                               00000001
RB2                               00000002
RB3                               00000003
RB4                               00000004
RB5                               00000005
RB6                               00000006
RB7                               00000007
RBIE                              00000003
RBIF                              00000000
RBIP                              00000000
RBPU                              00000007
RC0                               00000000
RC1                               00000001
RC2                               00000002
RC3                               00000003
RC4                               00000004
RC5                               00000005
RC6                               00000006
RC7                               00000007
RCEN                              00000003
RCIDL                             00000006
RCIE                              00000005
RCIF                              00000005
RCIP                              00000005
RCMT                              00000006
RCON                              00000FD0
RCREG                             00000FAE
RCSTA                             00000FAB
RD                                00000000
RD0                               00000000
RD1                               00000001
RD16                              00000007
MPASM 5.71  /USERS/MREITER/DESKTOP/AER201/BO   2-26-2017  11:38:53         PAGE 14


SYMBOL TABLE
  LABEL                             VALUE 

RD2                               00000002
RD3                               00000003
RD4                               00000004
RD5                               00000005
RD6                               00000006
RD7                               00000007
RE0                               00000000
RE1                               00000001
RE2                               00000002
RE3                               00000003
RI                                00000004
RS                                00000002
RSEN                              00000001
RX                                00000007
RX9                               00000006
RX9D                              00000000
RXCKP                             00000005
RXDTP                             00000005
R_NOT_W                           00000002
R_W                               00000002
S                                 00000003
SBOREN                            00000006
SCK                               00000003
SCKP                              00000004
SCL                               00000003
SCS0                              00000000
SCS1                              00000001
SDA                               00000004
SDI                               00000004
SDO                               00000005
SEN                               00000000
SENDB                             00000003
SMP                               00000007
SP0                               00000000
SP1                               00000001
SP2                               00000002
SP3                               00000003
SP4                               00000004
SPBRG                             00000FAF
SPBRGH                            00000FB0
SPEN                              00000007
SREN                              00000005
SS                                00000005
SSPADD                            00000FC8
SSPBUF                            00000FC9
SSPCON1                           00000FC6
SSPCON2                           00000FC5
SSPEN                             00000005
SSPIE                             00000003
SSPIF                             00000003
SSPIP                             00000003
SSPM0                             00000000
SSPM1                             00000001
MPASM 5.71  /USERS/MREITER/DESKTOP/AER201/BO   2-26-2017  11:38:53         PAGE 15


SYMBOL TABLE
  LABEL                             VALUE 

SSPM2                             00000002
SSPM3                             00000003
SSPOV                             00000006
SSPSTAT                           00000FC7
STATUS                            00000FD8
STKFUL                            00000007
STKOVF                            00000007
STKPTR                            00000FFC
STKPTR0                           00000000
STKPTR1                           00000001
STKPTR2                           00000002
STKPTR3                           00000003
STKPTR4                           00000004
STKUNF                            00000006
SWDTE                             00000000
SWDTEN                            00000000
SYNC                              00000004
T016BIT                           00000006
T08BIT                            00000006
T0CKI                             00000004
T0CON                             00000FD5
T0CS                              00000005
T0IE                              00000005
T0IF                              00000002
T0PS0                             00000000
T0PS1                             00000001
T0PS2                             00000002
T0SE                              00000004
T13CKI                            00000000
T1CKI                             00000000
T1CKPS0                           00000004
T1CKPS1                           00000005
T1CON                             00000FCD
T1OSCEN                           00000003
T1OSI                             00000001
T1OSO                             00000000
T1RUN                             00000006
T1SYNC                            00000002
T2CKPS0                           00000000
T2CKPS1                           00000001
T2CON                             00000FCA
T2OUTPS0                          00000003
T2OUTPS1                          00000004
T2OUTPS2                          00000005
T2OUTPS3                          00000006
T3CCP1                            00000003
T3CCP2                            00000006
T3CKPS0                           00000004
T3CKPS1                           00000005
T3CON                             00000FB1
T3SYNC                            00000002
TABLAT                            00000FF5
TBLPTR                            00000FF6
MPASM 5.71  /USERS/MREITER/DESKTOP/AER201/BO   2-26-2017  11:38:53         PAGE 16


SYMBOL TABLE
  LABEL                             VALUE 

TBLPTRH                           00000FF7
TBLPTRL                           00000FF6
TBLPTRU                           00000FF8
TMR0                              00000FD6
TMR0H                             00000FD7
TMR0IE                            00000005
TMR0IF                            00000002
TMR0IP                            00000002
TMR0L                             00000FD6
TMR0ON                            00000007
TMR1                              00000FCE
TMR1CS                            00000001
TMR1H                             00000FCF
TMR1IE                            00000000
TMR1IF                            00000000
TMR1IP                            00000000
TMR1L                             00000FCE
TMR1ON                            00000000
TMR2                              00000FCC
TMR2IE                            00000001
TMR2IF                            00000001
TMR2IP                            00000001
TMR2ON                            00000002
TMR3                              00000FB2
TMR3CS                            00000001
TMR3H                             00000FB3
TMR3IE                            00000001
TMR3IF                            00000001
TMR3IP                            00000001
TMR3L                             00000FB2
TMR3ON                            00000000
TO                                00000003
TOS                               00000FFD
TOSH                              00000FFE
TOSL                              00000FFD
TOSU                              00000FFF
TRISA                             00000F92
TRISA0                            00000000
TRISA1                            00000001
TRISA2                            00000002
TRISA3                            00000003
TRISA4                            00000004
TRISA5                            00000005
TRISA6                            00000006
TRISA7                            00000007
TRISB                             00000F93
TRISB0                            00000000
TRISB1                            00000001
TRISB2                            00000002
TRISB3                            00000003
TRISB4                            00000004
TRISB5                            00000005
TRISB6                            00000006
MPASM 5.71  /USERS/MREITER/DESKTOP/AER201/BO   2-26-2017  11:38:53         PAGE 17


SYMBOL TABLE
  LABEL                             VALUE 

TRISB7                            00000007
TRISC                             00000F94
TRISC0                            00000000
TRISC1                            00000001
TRISC2                            00000002
TRISC3                            00000003
TRISC4                            00000004
TRISC5                            00000005
TRISC6                            00000006
TRISC7                            00000007
TRISD                             00000F95
TRISD0                            00000000
TRISD1                            00000001
TRISD2                            00000002
TRISD3                            00000003
TRISD4                            00000004
TRISD5                            00000005
TRISD6                            00000006
TRISD7                            00000007
TRISE                             00000F96
TRISE0                            00000000
TRISE1                            00000001
TRISE2                            00000002
TRMT                              00000001
TUN0                              00000000
TUN1                              00000001
TUN2                              00000002
TUN3                              00000003
TUN4                              00000004
TX                                00000006
TX9                               00000006
TX9D                              00000000
TXCKP                             00000004
TXEN                              00000005
TXIE                              00000004
TXIF                              00000004
TXIP                              00000004
TXREG                             00000FAD
TXSTA                             00000FAC
UA                                00000001
VCFG0                             00000004
VCFG1                             00000005
VDIRMAG                           00000007
VPP                               00000003
W                                 00000000
WCOL                              00000007
WDTCON                            00000FD1
WR                                00000001
WREG                              00000FE8
WREN                              00000002
WRERR                             00000003
WRT_LCD                           
WR_DATA                           00000074
MPASM 5.71  /USERS/MREITER/DESKTOP/AER201/BO   2-26-2017  11:38:53         PAGE 18


SYMBOL TABLE
  LABEL                             VALUE 

WR_INS                            00000058
WUE                               00000001
WrtLCD                            00000096
Z                                 00000002
_.code_00C6                       000000C6
_.code_00F0                       000000F0
_BOREN_NOSLP_2L                   000000FD
_BOREN_OFF_2L                     000000F9
_BOREN_ON_2L                      000000FB
_BOREN_SBORDIS_2L                 000000FF
_BORV_0_2L                        000000E7
_BORV_1_2L                        000000EF
_BORV_2_2L                        000000F7
_BORV_3_2L                        000000FF
_CCP2MX_PORTBE_3H                 000000FE
_CCP2MX_PORTC_3H                  000000FF
_CONFIG1H                         00300001
_CONFIG2H                         00300003
_CONFIG2L                         00300002
_CONFIG3H                         00300005
_CONFIG4L                         00300006
_CONFIG5H                         00300009
_CONFIG5L                         00300008
_CONFIG6H                         0030000B
_CONFIG6L                         0030000A
_CONFIG7H                         0030000D
_CONFIG7L                         0030000C
_CP0_OFF_5L                       000000FF
_CP0_ON_5L                        000000FE
_CP1_OFF_5L                       000000FF
_CP1_ON_5L                        000000FD
_CP2_OFF_5L                       000000FF
_CP2_ON_5L                        000000FB
_CP3_OFF_5L                       000000FF
_CP3_ON_5L                        000000F7
_CPB_OFF_5H                       000000FF
_CPB_ON_5H                        000000BF
_CPD_OFF_5H                       000000FF
_CPD_ON_5H                        0000007F
_DEBUG_OFF_4L                     000000FF
_DEBUG_ON_4L                      0000007F
_DEVID1                           003FFFFE
_DEVID2                           003FFFFF
_EBTR0_OFF_7L                     000000FF
_EBTR0_ON_7L                      000000FE
_EBTR1_OFF_7L                     000000FF
_EBTR1_ON_7L                      000000FD
_EBTR2_OFF_7L                     000000FF
_EBTR2_ON_7L                      000000FB
_EBTR3_OFF_7L                     000000FF
_EBTR3_ON_7L                      000000F7
_EBTRB_OFF_7H                     000000FF
_EBTRB_ON_7H                      000000BF
MPASM 5.71  /USERS/MREITER/DESKTOP/AER201/BO   2-26-2017  11:38:53         PAGE 19


SYMBOL TABLE
  LABEL                             VALUE 

_FCMEN_OFF_1H                     000000BF
_FCMEN_ON_1H                      000000FF
_IDLOC0                           00200000
_IDLOC1                           00200001
_IDLOC2                           00200002
_IDLOC3                           00200003
_IDLOC4                           00200004
_IDLOC5                           00200005
_IDLOC6                           00200006
_IDLOC7                           00200007
_IESO_OFF_1H                      0000007F
_IESO_ON_1H                       000000FF
_LPT1OSC_OFF_3H                   000000FB
_LPT1OSC_ON_3H                    000000FF
_LVP_OFF_4L                       000000FB
_LVP_ON_4L                        000000FF
_MCLRE_OFF_3H                     0000007F
_MCLRE_ON_3H                      000000FF
_OSC_ECIO6_1H                     000000F5
_OSC_EC_1H                        000000F4
_OSC_HSPLL_1H                     000000F6
_OSC_HS_1H                        000000F2
_OSC_INTIO67_1H                   000000F8
_OSC_INTIO7_1H                    000000F9
_OSC_LP_1H                        000000F0
_OSC_RCIO6_1H                     000000F7
_OSC_RC_1H                        000000F3
_OSC_XT_1H                        000000F1
_PBADEN_OFF_3H                    000000FD
_PBADEN_ON_3H                     000000FF
_PWRT_OFF_2L                      000000FF
_PWRT_ON_2L                       000000FE
_STVREN_OFF_4L                    000000FE
_STVREN_ON_4L                     000000FF
_WDTPS_1024_2H                    000000F5
_WDTPS_128_2H                     000000EF
_WDTPS_16384_2H                   000000FD
_WDTPS_16_2H                      000000E9
_WDTPS_1_2H                       000000E1
_WDTPS_2048_2H                    000000F7
_WDTPS_256_2H                     000000F1
_WDTPS_2_2H                       000000E3
_WDTPS_32768_2H                   000000FF
_WDTPS_32_2H                      000000EB
_WDTPS_4096_2H                    000000F9
_WDTPS_4_2H                       000000E5
_WDTPS_512_2H                     000000F3
_WDTPS_64_2H                      000000ED
_WDTPS_8192_2H                    000000FB
_WDTPS_8_2H                       000000E7
_WDT_OFF_2H                       000000FE
_WDT_ON_2H                        000000FF
_WRT0_OFF_6L                      000000FF
MPASM 5.71  /USERS/MREITER/DESKTOP/AER201/BO   2-26-2017  11:38:53         PAGE 20


SYMBOL TABLE
  LABEL                             VALUE 

_WRT0_ON_6L                       000000FE
_WRT1_OFF_6L                      000000FF
_WRT1_ON_6L                       000000FD
_WRT2_OFF_6L                      000000FF
_WRT2_ON_6L                       000000FB
_WRT3_OFF_6L                      000000FF
_WRT3_ON_6L                       000000F7
_WRTB_OFF_6H                      000000FF
_WRTB_ON_6H                       000000BF
_WRTC_OFF_6H                      000000FF
_WRTC_ON_6H                       000000DF
_WRTD_OFF_6H                      000000FF
_WRTD_ON_6H                       0000007F
_XINST_OFF_4L                     000000BF
_XINST_ON_4L                      000000FF
__18F4620                         00000001
d2                                00000118
dat                               00000074
delay1                            00000075
delay2                            00000076
delay3                            00000077
delay44us                         000000FC
delay5ms                          00000108
lcdLongDelay                      000000E6
lcd_d1                            00000071
lcd_d2                            00000072
lcd_tmp                           00000070
temp_lcd                          00000073

Errors   :     0
Warnings :     3 reported,     0 suppressed
Messages :     0 reported,     0 suppressed

