Warning[205] /Users/mreiter/Desktop/AER201/botL.X/main.asm 13 : Found directive in column 1. (list)
Warning[207] /Users/mreiter/Desktop/AER201/botL.X/main.asm 93 : Found label after column 1. (Welcome)
Warning[207] /Users/mreiter/Desktop/AER201/botL.X/main.asm 94 : Found label after column 1. (Team)
Warning[207] /Users/mreiter/Desktop/AER201/botL.X/main.asm 95 : Found label after column 1. (StandBy)
Warning[207] /Users/mreiter/Desktop/AER201/botL.X/main.asm 96 : Found label after column 1. (Log1)
Warning[207] /Users/mreiter/Desktop/AER201/botL.X/main.asm 97 : Found label after column 1. (Log2)
Warning[207] /Users/mreiter/Desktop/AER201/botL.X/main.asm 98 : Found label after column 1. (LogInfo1)
Warning[207] /Users/mreiter/Desktop/AER201/botL.X/main.asm 99 : Found label after column 1. (LogInfo2)
Warning[207] /Users/mreiter/Desktop/AER201/botL.X/main.asm 100 : Found label after column 1. (PermLog1)
Warning[207] /Users/mreiter/Desktop/AER201/botL.X/main.asm 101 : Found label after column 1. (PermLog2)
Warning[207] /Users/mreiter/Desktop/AER201/botL.X/main.asm 102 : Found label after column 1. (Exe1)
Warning[207] /Users/mreiter/Desktop/AER201/botL.X/main.asm 103 : Found label after column 1. (Exe2)
Warning[207] /Users/mreiter/Desktop/AER201/botL.X/main.asm 104 : Found label after column 1. (PC1)
Warning[207] /Users/mreiter/Desktop/AER201/botL.X/main.asm 105 : Found label after column 1. (PC2)
Warning[207] /Users/mreiter/Desktop/AER201/botL.X/main.asm 106 : Found label after column 1. (PCTransfer)
Warning[207] /Users/mreiter/Desktop/AER201/botL.X/main.asm 107 : Found label after column 1. (Stopped)
Warning[207] /Users/mreiter/Desktop/AER201/botL.X/main.asm 108 : Found label after column 1. (Op_Time)
Warning[207] /Users/mreiter/Desktop/AER201/botL.X/main.asm 109 : Found label after column 1. (SAVE)
Warning[207] /Users/mreiter/Desktop/AER201/botL.X/main.asm 110 : Found label after column 1. (Safety)
Warning[207] /Users/mreiter/Desktop/AER201/botL.X/main.asm 111 : Found label after column 1. (NoData)
Warning[205] /Users/mreiter/Desktop/AER201/botL.X/main.asm 943 : Found directive in column 1. (end)
